# JRE version: OpenJDK Runtime Environment (8.0_152-b01) (build 1.8.0_152-release-915-b01)
# Java VM: OpenJDK 64-Bit Server VM (25.152-b01 mixed mode windows-amd64 compressed oops)
Heap:
 PSYoungGen      total 320512K, used 37101K [0x00000000e0000000, 0x00000000fbb80000, 0x0000000100000000)
  eden space 288768K, 8% used [0x00000000e0000000,0x00000000e1910ff8,0x00000000f1a00000)
  from space 31744K, 36% used [0x00000000f1a00000,0x00000000f252a5a8,0x00000000f3900000)
  to   space 30208K, 0% used [0x00000000f9e00000,0x00000000f9e00000,0x00000000fbb80000)
 ParOldGen       total 160768K, used 63144K [0x00000000a0000000, 0x00000000a9d00000, 0x00000000e0000000)
  object space 160768K, 39% used [0x00000000a0000000,0x00000000a3daa198,0x00000000a9d00000)
 Metaspace       used 59339K, capacity 60790K, committed 61056K, reserved 1103872K
  class space    used 6951K, capacity 7289K, committed 7296K, reserved 1048576K
GC Heap History (10 events):
Event: 1137.451 GC heap before
{Heap before GC invocations=19 (full 4):
 PSYoungGen      total 228352K, used 216525K [0x00000000e0000000, 0x00000000efd80000, 0x0000000100000000)
  eden space 202240K, 96% used [0x00000000e0000000,0x00000000ebdcdf80,0x00000000ec580000)
  from space 26112K, 84% used [0x00000000ee300000,0x00000000ef8a5818,0x00000000efc80000)
  to   space 28672K, 0% used [0x00000000ec580000,0x00000000ec580000,0x00000000ee180000)
 ParOldGen       total 153088K, used 103089K [0x00000000a0000000, 0x00000000a9580000, 0x00000000e0000000)
  object space 153088K, 67% used [0x00000000a0000000,0x00000000a64ac730,0x00000000a9580000)
 Metaspace       used 52971K, capacity 53970K, committed 54272K, reserved 1097728K
  class space    used 6386K, capacity 6617K, committed 6656K, reserved 1048576K
Event: 1137.574 GC heap after
Heap after GC invocations=19 (full 4):
 PSYoungGen      total 230912K, used 27459K [0x00000000e0000000, 0x00000000f5900000, 0x0000000100000000)
  eden space 202240K, 0% used [0x00000000e0000000,0x00000000e0000000,0x00000000ec580000)
  from space 28672K, 95% used [0x00000000ec580000,0x00000000ee050d48,0x00000000ee180000)
  to   space 32256K, 0% used [0x00000000f3980000,0x00000000f3980000,0x00000000f5900000)
 ParOldGen       total 153088K, used 122356K [0x00000000a0000000, 0x00000000a9580000, 0x00000000e0000000)
  object space 153088K, 79% used [0x00000000a0000000,0x00000000a777d110,0x00000000a9580000)
 Metaspace       used 52971K, capacity 53970K, committed 54272K, reserved 1097728K
  class space    used 6386K, capacity 6617K, committed 6656K, reserved 1048576K
}
Event: 1137.576 GC heap before
{Heap before GC invocations=20 (full 5):
 PSYoungGen      total 230912K, used 27459K [0x00000000e0000000, 0x00000000f5900000, 0x0000000100000000)
  eden space 202240K, 0% used [0x00000000e0000000,0x00000000e0000000,0x00000000ec580000)
  from space 28672K, 95% used [0x00000000ec580000,0x00000000ee050d48,0x00000000ee180000)
  to   space 32256K, 0% used [0x00000000f3980000,0x00000000f3980000,0x00000000f5900000)
 ParOldGen       total 153088K, used 122356K [0x00000000a0000000, 0x00000000a9580000, 0x00000000e0000000)
  object space 153088K, 79% used [0x00000000a0000000,0x00000000a777d110,0x00000000a9580000)
 Metaspace       used 52971K, capacity 53970K, committed 54272K, reserved 1097728K
  class space    used 6386K, capacity 6617K, committed 6656K, reserved 1048576K
Event: 1140.406 GC heap after
Heap after GC invocations=20 (full 5):
 PSYoungGen      total 230912K, used 0K [0x00000000e0000000, 0x00000000f5900000, 0x0000000100000000)
  eden space 202240K, 0% used [0x00000000e0000000,0x00000000e0000000,0x00000000ec580000)
  from space 28672K, 0% used [0x00000000ec580000,0x00000000ec580000,0x00000000ee180000)
  to   space 32256K, 0% used [0x00000000f3980000,0x00000000f3980000,0x00000000f5900000)
 ParOldGen       total 140288K, used 59646K [0x00000000a0000000, 0x00000000a8900000, 0x00000000e0000000)
  object space 140288K, 42% used [0x00000000a0000000,0x00000000a3a3f958,0x00000000a8900000)
 Metaspace       used 52971K, capacity 53970K, committed 54272K, reserved 1097728K
  class space    used 6386K, capacity 6617K, committed 6656K, reserved 1048576K
}
Event: 1152.704 GC heap before
{Heap before GC invocations=21 (full 5):
 PSYoungGen      total 230912K, used 202240K [0x00000000e0000000, 0x00000000f5900000, 0x0000000100000000)
  eden space 202240K, 100% used [0x00000000e0000000,0x00000000ec580000,0x00000000ec580000)
  from space 28672K, 0% used [0x00000000ec580000,0x00000000ec580000,0x00000000ee180000)
  to   space 32256K, 0% used [0x00000000f3980000,0x00000000f3980000,0x00000000f5900000)
 ParOldGen       total 140288K, used 59646K [0x00000000a0000000, 0x00000000a8900000, 0x00000000e0000000)
  object space 140288K, 42% used [0x00000000a0000000,0x00000000a3a3f958,0x00000000a8900000)
 Metaspace       used 56537K, capacity 57674K, committed 57984K, reserved 1099776K
  class space    used 6758K, capacity 7031K, committed 7040K, reserved 1048576K
Event: 1152.799 GC heap after
Heap after GC invocations=21 (full 5):
 PSYoungGen      total 320000K, used 16830K [0x00000000e0000000, 0x00000000f5800000, 0x0000000100000000)
  eden space 288768K, 0% used [0x00000000e0000000,0x00000000e0000000,0x00000000f1a00000)
  from space 31232K, 53% used [0x00000000f3980000,0x00000000f49ef938,0x00000000f5800000)
  to   space 31744K, 0% used [0x00000000f1a00000,0x00000000f1a00000,0x00000000f3900000)
 ParOldGen       total 140288K, used 100681K [0x00000000a0000000, 0x00000000a8900000, 0x00000000e0000000)
  object space 140288K, 71% used [0x00000000a0000000,0x00000000a62527c0,0x00000000a8900000)
 Metaspace       used 56537K, capacity 57674K, committed 57984K, reserved 1099776K
  class space    used 6758K, capacity 7031K, committed 7040K, reserved 1048576K
}
Event: 1152.799 GC heap before
{Heap before GC invocations=22 (full 6):
 PSYoungGen      total 320000K, used 16830K [0x00000000e0000000, 0x00000000f5800000, 0x0000000100000000)
  eden space 288768K, 0% used [0x00000000e0000000,0x00000000e0000000,0x00000000f1a00000)
  from space 31232K, 53% used [0x00000000f3980000,0x00000000f49ef938,0x00000000f5800000)
  to   space 31744K, 0% used [0x00000000f1a00000,0x00000000f1a00000,0x00000000f3900000)
 ParOldGen       total 140288K, used 100681K [0x00000000a0000000, 0x00000000a8900000, 0x00000000e0000000)
  object space 140288K, 71% used [0x00000000a0000000,0x00000000a62527c0,0x00000000a8900000)
 Metaspace       used 56537K, capacity 57674K, committed 57984K, reserved 1099776K
  class space    used 6758K, capacity 7031K, committed 7040K, reserved 1048576K
Event: 1153.467 GC heap after
Heap after GC invocations=22 (full 6):
 PSYoungGen      total 320000K, used 0K [0x00000000e0000000, 0x00000000f5800000, 0x0000000100000000)
  eden space 288768K, 0% used [0x00000000e0000000,0x00000000e0000000,0x00000000f1a00000)
  from space 31232K, 0% used [0x00000000f3980000,0x00000000f3980000,0x00000000f5800000)
  to   space 31744K, 0% used [0x00000000f1a00000,0x00000000f1a00000,0x00000000f3900000)
 ParOldGen       total 160768K, used 63136K [0x00000000a0000000, 0x00000000a9d00000, 0x00000000e0000000)
  object space 160768K, 39% used [0x00000000a0000000,0x00000000a3da8198,0x00000000a9d00000)
 Metaspace       used 56537K, capacity 57674K, committed 57984K, reserved 1099776K
  class space    used 6758K, capacity 7031K, committed 7040K, reserved 1048576K
}
Event: 1168.985 GC heap before
{Heap before GC invocations=23 (full 6):
 PSYoungGen      total 320000K, used 288768K [0x00000000e0000000, 0x00000000f5800000, 0x0000000100000000)
  eden space 288768K, 100% used [0x00000000e0000000,0x00000000f1a00000,0x00000000f1a00000)
  from space 31232K, 0% used [0x00000000f3980000,0x00000000f3980000,0x00000000f5800000)
  to   space 31744K, 0% used [0x00000000f1a00000,0x00000000f1a00000,0x00000000f3900000)
 ParOldGen       total 160768K, used 63136K [0x00000000a0000000, 0x00000000a9d00000, 0x00000000e0000000)
  object space 160768K, 39% used [0x00000000a0000000,0x00000000a3da8198,0x00000000a9d00000)
 Metaspace       used 58472K, capacity 59940K, committed 60032K, reserved 1101824K
  class space    used 6908K, capacity 7246K, committed 7296K, reserved 1048576K
Event: 1169.020 GC heap after
Heap after GC invocations=23 (full 6):
 PSYoungGen      total 320512K, used 11433K [0x00000000e0000000, 0x00000000fbb80000, 0x0000000100000000)
  eden space 288768K, 0% used [0x00000000e0000000,0x00000000e0000000,0x00000000f1a00000)
  from space 31744K, 36% used [0x00000000f1a00000,0x00000000f252a5a8,0x00000000f3900000)
  to   space 30208K, 0% used [0x00000000f9e00000,0x00000000f9e00000,0x00000000fbb80000)
 ParOldGen       total 160768K, used 63144K [0x00000000a0000000, 0x00000000a9d00000, 0x00000000e0000000)
  object space 160768K, 39% used [0x00000000a0000000,0x00000000a3daa198,0x00000000a9d00000)
 Metaspace       used 58472K, capacity 59940K, committed 60032K, reserved 1101824K
  class space    used 6908K, capacity 7246K, committed 7296K, reserved 1048576K
}

