# JRE version: OpenJDK Runtime Environment (8.0_152-b01) (build 1.8.0_152-release-915-b01)
# Java VM: OpenJDK 64-Bit Server VM (25.152-b01 mixed mode windows-amd64 compressed oops)
Heap:
 PSYoungGen      total 395776K, used 77042K [0x00000000e0000000, 0x00000000fec00000, 0x0000000100000000)
  eden space 287744K, 23% used [0x00000000e0000000,0x00000000e412b7e8,0x00000000f1900000)
  from space 108032K, 9% used [0x00000000f8280000,0x00000000f8c911d8,0x00000000fec00000)
  to   space 108032K, 0% used [0x00000000f1900000,0x00000000f1900000,0x00000000f8280000)
 ParOldGen       total 203776K, used 119878K [0x00000000a0000000, 0x00000000ac700000, 0x00000000e0000000)
  object space 203776K, 58% used [0x00000000a0000000,0x00000000a7511ad8,0x00000000ac700000)
 Metaspace       used 102183K, capacity 107944K, committed 109568K, reserved 1144832K
  class space    used 12917K, capacity 14217K, committed 14592K, reserved 1048576K
GC Heap History (10 events):
Event: 4671.688 GC heap before
{Heap before GC invocations=49 (full 7):
 PSYoungGen      total 250368K, used 249352K [0x00000000e0000000, 0x00000000ffb00000, 0x0000000100000000)
  eden space 249856K, 99% used [0x00000000e0000000,0x00000000ef36a170,0x00000000ef400000)
  from space 512K, 18% used [0x00000000ef400000,0x00000000ef418000,0x00000000ef480000)
  to   space 134656K, 0% used [0x00000000f7780000,0x00000000f7780000,0x00000000ffb00000)
 ParOldGen       total 203776K, used 119846K [0x00000000a0000000, 0x00000000ac700000, 0x00000000e0000000)
  object space 203776K, 58% used [0x00000000a0000000,0x00000000a7509ad8,0x00000000ac700000)
 Metaspace       used 100737K, capacity 105928K, committed 108800K, reserved 1142784K
  class space    used 12744K, capacity 13943K, committed 14592K, reserved 1048576K
Event: 4671.693 GC heap after
Heap after GC invocations=49 (full 7):
 PSYoungGen      total 387584K, used 128K [0x00000000e0000000, 0x0000000100000000, 0x0000000100000000)
  eden space 252928K, 0% used [0x00000000e0000000,0x00000000e0000000,0x00000000ef700000)
  from space 134656K, 0% used [0x00000000f7780000,0x00000000f77a0000,0x00000000ffb00000)
  to   space 131584K, 0% used [0x00000000ef700000,0x00000000ef700000,0x00000000f7780000)
 ParOldGen       total 203776K, used 119846K [0x00000000a0000000, 0x00000000ac700000, 0x00000000e0000000)
  object space 203776K, 58% used [0x00000000a0000000,0x00000000a7509ad8,0x00000000ac700000)
 Metaspace       used 100737K, capacity 105928K, committed 108800K, reserved 1142784K
  class space    used 12744K, capacity 13943K, committed 14592K, reserved 1048576K
}
Event: 6997.447 GC heap before
{Heap before GC invocations=50 (full 7):
 PSYoungGen      total 387584K, used 253056K [0x00000000e0000000, 0x0000000100000000, 0x0000000100000000)
  eden space 252928K, 100% used [0x00000000e0000000,0x00000000ef700000,0x00000000ef700000)
  from space 134656K, 0% used [0x00000000f7780000,0x00000000f77a0000,0x00000000ffb00000)
  to   space 131584K, 0% used [0x00000000ef700000,0x00000000ef700000,0x00000000f7780000)
 ParOldGen       total 203776K, used 119846K [0x00000000a0000000, 0x00000000ac700000, 0x00000000e0000000)
  object space 203776K, 58% used [0x00000000a0000000,0x00000000a7509ad8,0x00000000ac700000)
 Metaspace       used 101405K, capacity 106660K, committed 109056K, reserved 1144832K
  class space    used 12831K, capacity 14039K, committed 14592K, reserved 1048576K
Event: 6997.883 GC heap after
Heap after GC invocations=50 (full 7):
 PSYoungGen      total 384512K, used 6137K [0x00000000e0000000, 0x00000000ff400000, 0x0000000100000000)
  eden space 252928K, 0% used [0x00000000e0000000,0x00000000e0000000,0x00000000ef700000)
  from space 131584K, 4% used [0x00000000ef700000,0x00000000efcfe5e0,0x00000000f7780000)
  to   space 126976K, 0% used [0x00000000f7800000,0x00000000f7800000,0x00000000ff400000)
 ParOldGen       total 203776K, used 119854K [0x00000000a0000000, 0x00000000ac700000, 0x00000000e0000000)
  object space 203776K, 58% used [0x00000000a0000000,0x00000000a750bad8,0x00000000ac700000)
 Metaspace       used 101405K, capacity 106660K, committed 109056K, reserved 1144832K
  class space    used 12831K, capacity 14039K, committed 14592K, reserved 1048576K
}
Event: 7033.886 GC heap before
{Heap before GC invocations=51 (full 7):
 PSYoungGen      total 384512K, used 258990K [0x00000000e0000000, 0x00000000ff400000, 0x0000000100000000)
  eden space 252928K, 99% used [0x00000000e0000000,0x00000000ef6ed4b8,0x00000000ef700000)
  from space 131584K, 4% used [0x00000000ef700000,0x00000000efcfe5e0,0x00000000f7780000)
  to   space 126976K, 0% used [0x00000000f7800000,0x00000000f7800000,0x00000000ff400000)
 ParOldGen       total 203776K, used 119854K [0x00000000a0000000, 0x00000000ac700000, 0x00000000e0000000)
  object space 203776K, 58% used [0x00000000a0000000,0x00000000a750bad8,0x00000000ac700000)
 Metaspace       used 101830K, capacity 107370K, committed 109312K, reserved 1144832K
  class space    used 12878K, capacity 14124K, committed 14592K, reserved 1048576K
Event: 7033.993 GC heap after
Heap after GC invocations=51 (full 7):
 PSYoungGen      total 386048K, used 13153K [0x00000000e0000000, 0x00000000fee80000, 0x0000000100000000)
  eden space 264704K, 0% used [0x00000000e0000000,0x00000000e0000000,0x00000000f0280000)
  from space 121344K, 10% used [0x00000000f7800000,0x00000000f84d8470,0x00000000fee80000)
  to   space 120320K, 0% used [0x00000000f0280000,0x00000000f0280000,0x00000000f7800000)
 ParOldGen       total 203776K, used 119862K [0x00000000a0000000, 0x00000000ac700000, 0x00000000e0000000)
  object space 203776K, 58% used [0x00000000a0000000,0x00000000a750dad8,0x00000000ac700000)
 Metaspace       used 101830K, capacity 107370K, committed 109312K, reserved 1144832K
  class space    used 12878K, capacity 14124K, committed 14592K, reserved 1048576K
}
Event: 7034.742 GC heap before
{Heap before GC invocations=52 (full 7):
 PSYoungGen      total 386048K, used 277501K [0x00000000e0000000, 0x00000000fee80000, 0x0000000100000000)
  eden space 264704K, 99% used [0x00000000e0000000,0x00000000f0227278,0x00000000f0280000)
  from space 121344K, 10% used [0x00000000f7800000,0x00000000f84d8470,0x00000000fee80000)
  to   space 120320K, 0% used [0x00000000f0280000,0x00000000f0280000,0x00000000f7800000)
 ParOldGen       total 203776K, used 119862K [0x00000000a0000000, 0x00000000ac700000, 0x00000000e0000000)
  object space 203776K, 58% used [0x00000000a0000000,0x00000000a750dad8,0x00000000ac700000)
 Metaspace       used 101832K, capacity 107370K, committed 109312K, reserved 1144832K
  class space    used 12878K, capacity 14124K, committed 14592K, reserved 1048576K
Event: 7034.828 GC heap after
Heap after GC invocations=52 (full 7):
 PSYoungGen      total 385024K, used 19920K [0x00000000e0000000, 0x00000000ff100000, 0x0000000100000000)
  eden space 264704K, 0% used [0x00000000e0000000,0x00000000e0000000,0x00000000f0280000)
  from space 120320K, 16% used [0x00000000f0280000,0x00000000f15f40d8,0x00000000f7800000)
  to   space 113152K, 0% used [0x00000000f8280000,0x00000000f8280000,0x00000000ff100000)
 ParOldGen       total 203776K, used 119870K [0x00000000a0000000, 0x00000000ac700000, 0x00000000e0000000)
  object space 203776K, 58% used [0x00000000a0000000,0x00000000a750fad8,0x00000000ac700000)
 Metaspace       used 101832K, capacity 107370K, committed 109312K, reserved 1144832K
  class space    used 12878K, capacity 14124K, committed 14592K, reserved 1048576K
}
Event: 7382.894 GC heap before
{Heap before GC invocations=53 (full 7):
 PSYoungGen      total 385024K, used 284624K [0x00000000e0000000, 0x00000000ff100000, 0x0000000100000000)
  eden space 264704K, 100% used [0x00000000e0000000,0x00000000f0280000,0x00000000f0280000)
  from space 120320K, 16% used [0x00000000f0280000,0x00000000f15f40d8,0x00000000f7800000)
  to   space 113152K, 0% used [0x00000000f8280000,0x00000000f8280000,0x00000000ff100000)
 ParOldGen       total 203776K, used 119870K [0x00000000a0000000, 0x00000000ac700000, 0x00000000e0000000)
  object space 203776K, 58% used [0x00000000a0000000,0x00000000a750fad8,0x00000000ac700000)
 Metaspace       used 102147K, capacity 107932K, committed 109568K, reserved 1144832K
  class space    used 12916K, capacity 14215K, committed 14592K, reserved 1048576K
Event: 7383.140 GC heap after
Heap after GC invocations=53 (full 7):
 PSYoungGen      total 395776K, used 10308K [0x00000000e0000000, 0x00000000fec00000, 0x0000000100000000)
  eden space 287744K, 0% used [0x00000000e0000000,0x00000000e0000000,0x00000000f1900000)
  from space 108032K, 9% used [0x00000000f8280000,0x00000000f8c911d8,0x00000000fec00000)
  to   space 108032K, 0% used [0x00000000f1900000,0x00000000f1900000,0x00000000f8280000)
 ParOldGen       total 203776K, used 119878K [0x00000000a0000000, 0x00000000ac700000, 0x00000000e0000000)
  object space 203776K, 58% used [0x00000000a0000000,0x00000000a7511ad8,0x00000000ac700000)
 Metaspace       used 102147K, capacity 107932K, committed 109568K, reserved 1144832K
  class space    used 12916K, capacity 14215K, committed 14592K, reserved 1048576K
}

