# JRE version: OpenJDK Runtime Environment (8.0_152-b01) (build 1.8.0_152-release-915-b01)
# Java VM: OpenJDK 64-Bit Server VM (25.152-b01 mixed mode windows-amd64 compressed oops)
Heap:
 PSYoungGen      total 128512K, used 22346K [0x00000000e0000000, 0x00000000e9880000, 0x0000000100000000)
  eden space 112128K, 19% used [0x00000000e0000000,0x00000000e15d29f8,0x00000000e6d80000)
  from space 16384K, 0% used [0x00000000e8880000,0x00000000e8880000,0x00000000e9880000)
  to   space 20992K, 0% used [0x00000000e6f80000,0x00000000e6f80000,0x00000000e8400000)
 ParOldGen       total 81920K, used 41908K [0x00000000a0000000, 0x00000000a5000000, 0x00000000e0000000)
  object space 81920K, 51% used [0x00000000a0000000,0x00000000a28ed0a8,0x00000000a5000000)
 Metaspace       used 46087K, capacity 46914K, committed 47232K, reserved 1091584K
  class space    used 5708K, capacity 5891K, committed 6016K, reserved 1048576K
GC Heap History (10 events):
Event: 29.790 GC heap before
{Heap before GC invocations=17 (full 4):
 PSYoungGen      total 133120K, used 108755K [0x00000000e0000000, 0x00000000e9880000, 0x0000000100000000)
  eden space 112128K, 96% used [0x00000000e0000000,0x00000000e6a34cf0,0x00000000e6d80000)
  from space 20992K, 0% used [0x00000000e6f80000,0x00000000e6f80000,0x00000000e8400000)
  to   space 16384K, 0% used [0x00000000e8880000,0x00000000e8880000,0x00000000e9880000)
 ParOldGen       total 81920K, used 30345K [0x00000000a0000000, 0x00000000a5000000, 0x00000000e0000000)
  object space 81920K, 37% used [0x00000000a0000000,0x00000000a1da2610,0x00000000a5000000)
 Metaspace       used 42259K, capacity 43014K, committed 43392K, reserved 1087488K
  class space    used 5320K, capacity 5495K, committed 5504K, reserved 1048576K
Event: 29.827 GC heap after
Heap after GC invocations=17 (full 4):
 PSYoungGen      total 128512K, used 10498K [0x00000000e0000000, 0x00000000e9880000, 0x0000000100000000)
  eden space 112128K, 0% used [0x00000000e0000000,0x00000000e0000000,0x00000000e6d80000)
  from space 16384K, 64% used [0x00000000e8880000,0x00000000e92c0950,0x00000000e9880000)
  to   space 20992K, 0% used [0x00000000e6f80000,0x00000000e6f80000,0x00000000e8400000)
 ParOldGen       total 81920K, used 71405K [0x00000000a0000000, 0x00000000a5000000, 0x00000000e0000000)
  object space 81920K, 87% used [0x00000000a0000000,0x00000000a45bb478,0x00000000a5000000)
 Metaspace       used 42259K, capacity 43014K, committed 43392K, reserved 1087488K
  class space    used 5320K, capacity 5495K, committed 5504K, reserved 1048576K
}
Event: 29.828 GC heap before
{Heap before GC invocations=18 (full 5):
 PSYoungGen      total 128512K, used 10498K [0x00000000e0000000, 0x00000000e9880000, 0x0000000100000000)
  eden space 112128K, 0% used [0x00000000e0000000,0x00000000e0000000,0x00000000e6d80000)
  from space 16384K, 64% used [0x00000000e8880000,0x00000000e92c0950,0x00000000e9880000)
  to   space 20992K, 0% used [0x00000000e6f80000,0x00000000e6f80000,0x00000000e8400000)
 ParOldGen       total 81920K, used 71405K [0x00000000a0000000, 0x00000000a5000000, 0x00000000e0000000)
  object space 81920K, 87% used [0x00000000a0000000,0x00000000a45bb478,0x00000000a5000000)
 Metaspace       used 42259K, capacity 43014K, committed 43392K, reserved 1087488K
  class space    used 5320K, capacity 5495K, committed 5504K, reserved 1048576K
Event: 29.923 GC heap after
Heap after GC invocations=18 (full 5):
 PSYoungGen      total 128512K, used 0K [0x00000000e0000000, 0x00000000e9880000, 0x0000000100000000)
  eden space 112128K, 0% used [0x00000000e0000000,0x00000000e0000000,0x00000000e6d80000)
  from space 16384K, 0% used [0x00000000e8880000,0x00000000e8880000,0x00000000e9880000)
  to   space 20992K, 0% used [0x00000000e6f80000,0x00000000e6f80000,0x00000000e8400000)
 ParOldGen       total 81920K, used 81750K [0x00000000a0000000, 0x00000000a5000000, 0x00000000e0000000)
  object space 81920K, 99% used [0x00000000a0000000,0x00000000a4fd58f8,0x00000000a5000000)
 Metaspace       used 42259K, capacity 43014K, committed 43392K, reserved 1087488K
  class space    used 5320K, capacity 5495K, committed 5504K, reserved 1048576K
}
Event: 30.039 GC heap before
{Heap before GC invocations=19 (full 6):
 PSYoungGen      total 128512K, used 73001K [0x00000000e0000000, 0x00000000e9880000, 0x0000000100000000)
  eden space 112128K, 65% used [0x00000000e0000000,0x00000000e474a768,0x00000000e6d80000)
  from space 16384K, 0% used [0x00000000e8880000,0x00000000e8880000,0x00000000e9880000)
  to   space 20992K, 0% used [0x00000000e6f80000,0x00000000e6f80000,0x00000000e8400000)
 ParOldGen       total 81920K, used 81750K [0x00000000a0000000, 0x00000000a5000000, 0x00000000e0000000)
  object space 81920K, 99% used [0x00000000a0000000,0x00000000a4fd58f8,0x00000000a5000000)
 Metaspace       used 42504K, capacity 43262K, committed 43520K, reserved 1087488K
  class space    used 5351K, capacity 5507K, committed 5632K, reserved 1048576K
Event: 30.149 GC heap after
Heap after GC invocations=19 (full 6):
 PSYoungGen      total 128512K, used 0K [0x00000000e0000000, 0x00000000e9880000, 0x0000000100000000)
  eden space 112128K, 0% used [0x00000000e0000000,0x00000000e0000000,0x00000000e6d80000)
  from space 16384K, 0% used [0x00000000e8880000,0x00000000e8880000,0x00000000e9880000)
  to   space 20992K, 0% used [0x00000000e6f80000,0x00000000e6f80000,0x00000000e8400000)
 ParOldGen       total 81920K, used 41378K [0x00000000a0000000, 0x00000000a5000000, 0x00000000e0000000)
  object space 81920K, 50% used [0x00000000a0000000,0x00000000a2868888,0x00000000a5000000)
 Metaspace       used 42504K, capacity 43262K, committed 43520K, reserved 1087488K
  class space    used 5351K, capacity 5507K, committed 5632K, reserved 1048576K
}
Event: 33.002 GC heap before
{Heap before GC invocations=20 (full 6):
 PSYoungGen      total 128512K, used 112128K [0x00000000e0000000, 0x00000000e9880000, 0x0000000100000000)
  eden space 112128K, 100% used [0x00000000e0000000,0x00000000e6d80000,0x00000000e6d80000)
  from space 16384K, 0% used [0x00000000e8880000,0x00000000e8880000,0x00000000e9880000)
  to   space 20992K, 0% used [0x00000000e6f80000,0x00000000e6f80000,0x00000000e8400000)
 ParOldGen       total 81920K, used 41378K [0x00000000a0000000, 0x00000000a5000000, 0x00000000e0000000)
  object space 81920K, 50% used [0x00000000a0000000,0x00000000a2868888,0x00000000a5000000)
 Metaspace       used 45265K, capacity 46108K, committed 46208K, reserved 1089536K
  class space    used 5579K, capacity 5756K, committed 5760K, reserved 1048576K
Event: 33.064 GC heap after
Heap after GC invocations=20 (full 6):
 PSYoungGen      total 128512K, used 112128K [0x00000000e0000000, 0x00000000e9880000, 0x0000000100000000)
  eden space 112128K, 100% used [0x00000000e0000000,0x00000000e6d80000,0x00000000e6d80000)
  from space 16384K, 0% used [0x00000000e8880000,0x00000000e8880000,0x00000000e9880000)
  to   space 20992K, 53% used [0x00000000e6f80000,0x00000000e7a85dd0,0x00000000e8400000)
 ParOldGen       total 81920K, used 41386K [0x00000000a0000000, 0x00000000a5000000, 0x00000000e0000000)
  object space 81920K, 50% used [0x00000000a0000000,0x00000000a286a888,0x00000000a5000000)
 Metaspace       used 45265K, capacity 46108K, committed 46208K, reserved 1089536K
  class space    used 5579K, capacity 5756K, committed 5760K, reserved 1048576K
}
Event: 33.064 GC heap before
{Heap before GC invocations=21 (full 7):
 PSYoungGen      total 128512K, used 112128K [0x00000000e0000000, 0x00000000e9880000, 0x0000000100000000)
  eden space 112128K, 100% used [0x00000000e0000000,0x00000000e6d80000,0x00000000e6d80000)
  from space 16384K, 0% used [0x00000000e8880000,0x00000000e8880000,0x00000000e9880000)
  to   space 20992K, 53% used [0x00000000e6f80000,0x00000000e7a85dd0,0x00000000e8400000)
 ParOldGen       total 81920K, used 41386K [0x00000000a0000000, 0x00000000a5000000, 0x00000000e0000000)
  object space 81920K, 50% used [0x00000000a0000000,0x00000000a286a888,0x00000000a5000000)
 Metaspace       used 45265K, capacity 46108K, committed 46208K, reserved 1089536K
  class space    used 5579K, capacity 5756K, committed 5760K, reserved 1048576K
Event: 33.541 GC heap after
Heap after GC invocations=21 (full 7):
 PSYoungGen      total 128512K, used 0K [0x00000000e0000000, 0x00000000e9880000, 0x0000000100000000)
  eden space 112128K, 0% used [0x00000000e0000000,0x00000000e0000000,0x00000000e6d80000)
  from space 16384K, 0% used [0x00000000e8880000,0x00000000e8880000,0x00000000e9880000)
  to   space 20992K, 0% used [0x00000000e6f80000,0x00000000e6f80000,0x00000000e8400000)
 ParOldGen       total 81920K, used 41908K [0x00000000a0000000, 0x00000000a5000000, 0x00000000e0000000)
  object space 81920K, 51% used [0x00000000a0000000,0x00000000a28ed0a8,0x00000000a5000000)
 Metaspace       used 45265K, capacity 46108K, committed 46208K, reserved 1089536K
  class space    used 5579K, capacity 5756K, committed 5760K, reserved 1048576K
}

