# JRE version: OpenJDK Runtime Environment (8.0_152-b01) (build 1.8.0_152-release-915-b01)
# Java VM: OpenJDK 64-Bit Server VM (25.152-b01 mixed mode windows-amd64 compressed oops)
Heap:
 PSYoungGen      total 274944K, used 52760K [0x00000000e0000000, 0x00000000f7480000, 0x0000000100000000)
  eden space 252928K, 12% used [0x00000000e0000000,0x00000000e1e089d0,0x00000000ef700000)
  from space 22016K, 99% used [0x00000000ef700000,0x00000000f0c7d7e0,0x00000000f0c80000)
  to   space 27136K, 0% used [0x00000000f5a00000,0x00000000f5a00000,0x00000000f7480000)
 ParOldGen       total 105472K, used 60646K [0x00000000a0000000, 0x00000000a6700000, 0x00000000e0000000)
  object space 105472K, 57% used [0x00000000a0000000,0x00000000a3b39838,0x00000000a6700000)
 Metaspace       used 54477K, capacity 55598K, committed 55720K, reserved 1097728K
  class space    used 6535K, capacity 6811K, committed 6824K, reserved 1048576K
GC Heap History (10 events):
Event: 19.048 GC heap before
{Heap before GC invocations=21 (full 3):
 PSYoungGen      total 156160K, used 149421K [0x00000000e0000000, 0x00000000ef400000, 0x0000000100000000)
  eden space 138240K, 100% used [0x00000000e0000000,0x00000000e8700000,0x00000000e8700000)
  from space 17920K, 62% used [0x00000000e8700000,0x00000000e91eb738,0x00000000e9880000)
  to   space 17920K, 0% used [0x00000000ee280000,0x00000000ee280000,0x00000000ef400000)
 ParOldGen       total 54272K, used 30903K [0x00000000a0000000, 0x00000000a3500000, 0x00000000e0000000)
  object space 54272K, 56% used [0x00000000a0000000,0x00000000a1e2df10,0x00000000a3500000)
 Metaspace       used 44376K, capacity 45132K, committed 45480K, reserved 1089536K
  class space    used 5541K, capacity 5712K, committed 5800K, reserved 1048576K
Event: 19.078 GC heap after
Heap after GC invocations=21 (full 3):
 PSYoungGen      total 194560K, used 6698K [0x00000000e0000000, 0x00000000ee980000, 0x0000000100000000)
  eden space 187392K, 0% used [0x00000000e0000000,0x00000000e0000000,0x00000000eb700000)
  from space 7168K, 93% used [0x00000000ee280000,0x00000000ee90abd0,0x00000000ee980000)
  to   space 17408K, 0% used [0x00000000ec780000,0x00000000ec780000,0x00000000ed880000)
 ParOldGen       total 54272K, used 31492K [0x00000000a0000000, 0x00000000a3500000, 0x00000000e0000000)
  object space 54272K, 58% used [0x00000000a0000000,0x00000000a1ec1268,0x00000000a3500000)
 Metaspace       used 44376K, capacity 45132K, committed 45480K, reserved 1089536K
  class space    used 5541K, capacity 5712K, committed 5800K, reserved 1048576K
}
Event: 23.746 GC heap before
{Heap before GC invocations=22 (full 3):
 PSYoungGen      total 194560K, used 194090K [0x00000000e0000000, 0x00000000ee980000, 0x0000000100000000)
  eden space 187392K, 100% used [0x00000000e0000000,0x00000000eb700000,0x00000000eb700000)
  from space 7168K, 93% used [0x00000000ee280000,0x00000000ee90abd0,0x00000000ee980000)
  to   space 17408K, 0% used [0x00000000ec780000,0x00000000ec780000,0x00000000ed880000)
 ParOldGen       total 54272K, used 31492K [0x00000000a0000000, 0x00000000a3500000, 0x00000000e0000000)
  object space 54272K, 58% used [0x00000000a0000000,0x00000000a1ec1268,0x00000000a3500000)
 Metaspace       used 48498K, capacity 49344K, committed 49576K, reserved 1093632K
  class space    used 6014K, capacity 6194K, committed 6312K, reserved 1048576K
Event: 23.810 GC heap after
Heap after GC invocations=22 (full 3):
 PSYoungGen      total 221696K, used 17403K [0x00000000e0000000, 0x00000000f2280000, 0x0000000100000000)
  eden space 204288K, 0% used [0x00000000e0000000,0x00000000e0000000,0x00000000ec780000)
  from space 17408K, 99% used [0x00000000ec780000,0x00000000ed87ee70,0x00000000ed880000)
  to   space 22528K, 0% used [0x00000000f0c80000,0x00000000f0c80000,0x00000000f2280000)
 ParOldGen       total 54272K, used 38822K [0x00000000a0000000, 0x00000000a3500000, 0x00000000e0000000)
  object space 54272K, 71% used [0x00000000a0000000,0x00000000a25e9860,0x00000000a3500000)
 Metaspace       used 48498K, capacity 49344K, committed 49576K, reserved 1093632K
  class space    used 6014K, capacity 6194K, committed 6312K, reserved 1048576K
}
Event: 32.877 GC heap before
{Heap before GC invocations=23 (full 3):
 PSYoungGen      total 221696K, used 221691K [0x00000000e0000000, 0x00000000f2280000, 0x0000000100000000)
  eden space 204288K, 100% used [0x00000000e0000000,0x00000000ec780000,0x00000000ec780000)
  from space 17408K, 99% used [0x00000000ec780000,0x00000000ed87ee70,0x00000000ed880000)
  to   space 22528K, 0% used [0x00000000f0c80000,0x00000000f0c80000,0x00000000f2280000)
 ParOldGen       total 54272K, used 38822K [0x00000000a0000000, 0x00000000a3500000, 0x00000000e0000000)
  object space 54272K, 71% used [0x00000000a0000000,0x00000000a25e9860,0x00000000a3500000)
 Metaspace       used 52043K, capacity 53016K, committed 53288K, reserved 1095680K
  class space    used 6345K, capacity 6608K, committed 6696K, reserved 1048576K
Event: 32.956 GC heap after
Heap after GC invocations=23 (full 3):
 PSYoungGen      total 275456K, used 11157K [0x00000000e0000000, 0x00000000f3480000, 0x0000000100000000)
  eden space 252928K, 0% used [0x00000000e0000000,0x00000000e0000000,0x00000000ef700000)
  from space 22528K, 49% used [0x00000000f0c80000,0x00000000f1765480,0x00000000f2280000)
  to   space 22016K, 0% used [0x00000000ef700000,0x00000000ef700000,0x00000000f0c80000)
 ParOldGen       total 55808K, used 55223K [0x00000000a0000000, 0x00000000a3680000, 0x00000000e0000000)
  object space 55808K, 98% used [0x00000000a0000000,0x00000000a35ede08,0x00000000a3680000)
 Metaspace       used 52043K, capacity 53016K, committed 53288K, reserved 1095680K
  class space    used 6345K, capacity 6608K, committed 6696K, reserved 1048576K
}
Event: 32.956 GC heap before
{Heap before GC invocations=24 (full 4):
 PSYoungGen      total 275456K, used 11157K [0x00000000e0000000, 0x00000000f3480000, 0x0000000100000000)
  eden space 252928K, 0% used [0x00000000e0000000,0x00000000e0000000,0x00000000ef700000)
  from space 22528K, 49% used [0x00000000f0c80000,0x00000000f1765480,0x00000000f2280000)
  to   space 22016K, 0% used [0x00000000ef700000,0x00000000ef700000,0x00000000f0c80000)
 ParOldGen       total 55808K, used 55223K [0x00000000a0000000, 0x00000000a3680000, 0x00000000e0000000)
  object space 55808K, 98% used [0x00000000a0000000,0x00000000a35ede08,0x00000000a3680000)
 Metaspace       used 52043K, capacity 53016K, committed 53288K, reserved 1095680K
  class space    used 6345K, capacity 6608K, committed 6696K, reserved 1048576K
Event: 33.727 GC heap after
Heap after GC invocations=24 (full 4):
 PSYoungGen      total 275456K, used 4234K [0x00000000e0000000, 0x00000000f3480000, 0x0000000100000000)
  eden space 252928K, 0% used [0x00000000e0000000,0x00000000e0000000,0x00000000ef700000)
  from space 22528K, 18% used [0x00000000f0c80000,0x00000000f10a2818,0x00000000f2280000)
  to   space 22016K, 0% used [0x00000000ef700000,0x00000000ef700000,0x00000000f0c80000)
 ParOldGen       total 105472K, used 55704K [0x00000000a0000000, 0x00000000a6700000, 0x00000000e0000000)
  object space 105472K, 52% used [0x00000000a0000000,0x00000000a3666290,0x00000000a6700000)
 Metaspace       used 52043K, capacity 53016K, committed 53288K, reserved 1095680K
  class space    used 6345K, capacity 6608K, committed 6696K, reserved 1048576K
}
Event: 86.550 GC heap before
{Heap before GC invocations=25 (full 4):
 PSYoungGen      total 275456K, used 257162K [0x00000000e0000000, 0x00000000f3480000, 0x0000000100000000)
  eden space 252928K, 100% used [0x00000000e0000000,0x00000000ef700000,0x00000000ef700000)
  from space 22528K, 18% used [0x00000000f0c80000,0x00000000f10a2818,0x00000000f2280000)
  to   space 22016K, 0% used [0x00000000ef700000,0x00000000ef700000,0x00000000f0c80000)
 ParOldGen       total 105472K, used 55704K [0x00000000a0000000, 0x00000000a6700000, 0x00000000e0000000)
  object space 105472K, 52% used [0x00000000a0000000,0x00000000a3666290,0x00000000a6700000)
 Metaspace       used 54399K, capacity 55530K, committed 55720K, reserved 1097728K
  class space    used 6534K, capacity 6811K, committed 6824K, reserved 1048576K
Event: 87.109 GC heap after
Heap after GC invocations=25 (full 4):
 PSYoungGen      total 274944K, used 22005K [0x00000000e0000000, 0x00000000f7480000, 0x0000000100000000)
  eden space 252928K, 0% used [0x00000000e0000000,0x00000000e0000000,0x00000000ef700000)
  from space 22016K, 99% used [0x00000000ef700000,0x00000000f0c7d7e0,0x00000000f0c80000)
  to   space 27136K, 0% used [0x00000000f5a00000,0x00000000f5a00000,0x00000000f7480000)
 ParOldGen       total 105472K, used 60646K [0x00000000a0000000, 0x00000000a6700000, 0x00000000e0000000)
  object space 105472K, 57% used [0x00000000a0000000,0x00000000a3b39838,0x00000000a6700000)
 Metaspace       used 54399K, capacity 55530K, committed 55720K, reserved 1097728K
  class space    used 6534K, capacity 6811K, committed 6824K, reserved 1048576K
}

