# JRE version: OpenJDK Runtime Environment (8.0_152-b01) (build 1.8.0_152-release-915-b01)
# Java VM: OpenJDK 64-Bit Server VM (25.152-b01 mixed mode windows-amd64 compressed oops)
Heap:
 PSYoungGen      total 430592K, used 126818K [0x00000000e0000000, 0x00000000ff600000, 0x0000000100000000)
  eden space 371712K, 28% used [0x00000000e0000000,0x00000000e671c380,0x00000000f6b00000)
  from space 58880K, 36% used [0x00000000f6b00000,0x00000000f7fbc4c0,0x00000000fa480000)
  to   space 55296K, 0% used [0x00000000fc000000,0x00000000fc000000,0x00000000ff600000)
 ParOldGen       total 204288K, used 166261K [0x00000000a0000000, 0x00000000ac780000, 0x00000000e0000000)
  object space 204288K, 81% used [0x00000000a0000000,0x00000000aa25d6d8,0x00000000ac780000)
 Metaspace       used 96788K, capacity 102210K, committed 102360K, reserved 1138688K
  class space    used 12363K, capacity 13549K, committed 13568K, reserved 1048576K
GC Heap History (10 events):
Event: 508.389 GC heap before
{Heap before GC invocations=38 (full 5):
 PSYoungGen      total 368128K, used 295040K [0x00000000e0000000, 0x00000000fb200000, 0x0000000100000000)
  eden space 294912K, 100% used [0x00000000e0000000,0x00000000f2000000,0x00000000f2000000)
  from space 73216K, 0% used [0x00000000f6700000,0x00000000f6720000,0x00000000fae80000)
  to   space 72704K, 0% used [0x00000000f2000000,0x00000000f2000000,0x00000000f6700000)
 ParOldGen       total 204288K, used 156640K [0x00000000a0000000, 0x00000000ac780000, 0x00000000e0000000)
  object space 204288K, 76% used [0x00000000a0000000,0x00000000a98f83b0,0x00000000ac780000)
 Metaspace       used 95017K, capacity 99554K, committed 99800K, reserved 1136640K
  class space    used 12200K, capacity 13207K, committed 13312K, reserved 1048576K
Event: 508.777 GC heap after
Heap after GC invocations=38 (full 5):
 PSYoungGen      total 367616K, used 23718K [0x00000000e0000000, 0x00000000fcd80000, 0x0000000100000000)
  eden space 294912K, 0% used [0x00000000e0000000,0x00000000e0000000,0x00000000f2000000)
  from space 72704K, 32% used [0x00000000f2000000,0x00000000f3729810,0x00000000f6700000)
  to   space 68096K, 0% used [0x00000000f8b00000,0x00000000f8b00000,0x00000000fcd80000)
 ParOldGen       total 204288K, used 156672K [0x00000000a0000000, 0x00000000ac780000, 0x00000000e0000000)
  object space 204288K, 76% used [0x00000000a0000000,0x00000000a99003b0,0x00000000ac780000)
 Metaspace       used 95017K, capacity 99554K, committed 99800K, reserved 1136640K
  class space    used 12200K, capacity 13207K, committed 13312K, reserved 1048576K
}
Event: 1579.941 GC heap before
{Heap before GC invocations=39 (full 5):
 PSYoungGen      total 367616K, used 318630K [0x00000000e0000000, 0x00000000fcd80000, 0x0000000100000000)
  eden space 294912K, 100% used [0x00000000e0000000,0x00000000f2000000,0x00000000f2000000)
  from space 72704K, 32% used [0x00000000f2000000,0x00000000f3729810,0x00000000f6700000)
  to   space 68096K, 0% used [0x00000000f8b00000,0x00000000f8b00000,0x00000000fcd80000)
 ParOldGen       total 204288K, used 156672K [0x00000000a0000000, 0x00000000ac780000, 0x00000000e0000000)
  object space 204288K, 76% used [0x00000000a0000000,0x00000000a99003b0,0x00000000ac780000)
 Metaspace       used 95850K, capacity 100616K, committed 100824K, reserved 1136640K
  class space    used 12265K, capacity 13304K, committed 13312K, reserved 1048576K
Event: 1580.091 GC heap after
Heap after GC invocations=39 (full 5):
 PSYoungGen      total 391168K, used 3404K [0x00000000e0000000, 0x00000000fc580000, 0x0000000100000000)
  eden space 331264K, 0% used [0x00000000e0000000,0x00000000e0000000,0x00000000f4380000)
  from space 59904K, 5% used [0x00000000f8b00000,0x00000000f8e53190,0x00000000fc580000)
  to   space 66560K, 0% used [0x00000000f4380000,0x00000000f4380000,0x00000000f8480000)
 ParOldGen       total 204288K, used 158606K [0x00000000a0000000, 0x00000000ac780000, 0x00000000e0000000)
  object space 204288K, 77% used [0x00000000a0000000,0x00000000a9ae3860,0x00000000ac780000)
 Metaspace       used 95850K, capacity 100616K, committed 100824K, reserved 1136640K
  class space    used 12265K, capacity 13304K, committed 13312K, reserved 1048576K
}
Event: 1604.692 GC heap before
{Heap before GC invocations=40 (full 5):
 PSYoungGen      total 391168K, used 334574K [0x00000000e0000000, 0x00000000fc580000, 0x0000000100000000)
  eden space 331264K, 99% used [0x00000000e0000000,0x00000000f43688c8,0x00000000f4380000)
  from space 59904K, 5% used [0x00000000f8b00000,0x00000000f8e53190,0x00000000fc580000)
  to   space 66560K, 0% used [0x00000000f4380000,0x00000000f4380000,0x00000000f8480000)
 ParOldGen       total 204288K, used 158606K [0x00000000a0000000, 0x00000000ac780000, 0x00000000e0000000)
  object space 204288K, 77% used [0x00000000a0000000,0x00000000a9ae3860,0x00000000ac780000)
 Metaspace       used 96296K, capacity 101290K, committed 101464K, reserved 1136640K
  class space    used 12304K, capacity 13401K, committed 13440K, reserved 1048576K
Event: 1604.853 GC heap after
Heap after GC invocations=40 (full 5):
 PSYoungGen      total 397824K, used 19905K [0x00000000e0000000, 0x00000000fe100000, 0x0000000100000000)
  eden space 331264K, 0% used [0x00000000e0000000,0x00000000e0000000,0x00000000f4380000)
  from space 66560K, 29% used [0x00000000f4380000,0x00000000f56f0770,0x00000000f8480000)
  to   space 61952K, 0% used [0x00000000fa480000,0x00000000fa480000,0x00000000fe100000)
 ParOldGen       total 204288K, used 160921K [0x00000000a0000000, 0x00000000ac780000, 0x00000000e0000000)
  object space 204288K, 78% used [0x00000000a0000000,0x00000000a9d26720,0x00000000ac780000)
 Metaspace       used 96296K, capacity 101290K, committed 101464K, reserved 1136640K
  class space    used 12304K, capacity 13401K, committed 13440K, reserved 1048576K
}
Event: 1605.020 GC heap before
{Heap before GC invocations=41 (full 5):
 PSYoungGen      total 397824K, used 350423K [0x00000000e0000000, 0x00000000fe100000, 0x0000000100000000)
  eden space 331264K, 99% used [0x00000000e0000000,0x00000000f42c5778,0x00000000f4380000)
  from space 66560K, 29% used [0x00000000f4380000,0x00000000f56f0770,0x00000000f8480000)
  to   space 61952K, 0% used [0x00000000fa480000,0x00000000fa480000,0x00000000fe100000)
 ParOldGen       total 204288K, used 160921K [0x00000000a0000000, 0x00000000ac780000, 0x00000000e0000000)
  object space 204288K, 78% used [0x00000000a0000000,0x00000000a9d26720,0x00000000ac780000)
 Metaspace       used 96297K, capacity 101290K, committed 101464K, reserved 1136640K
  class space    used 12304K, capacity 13401K, committed 13440K, reserved 1048576K
Event: 1605.046 GC heap after
Heap after GC invocations=41 (full 5):
 PSYoungGen      total 433664K, used 16210K [0x00000000e0000000, 0x00000000ff100000, 0x0000000100000000)
  eden space 371712K, 0% used [0x00000000e0000000,0x00000000e0000000,0x00000000f6b00000)
  from space 61952K, 26% used [0x00000000fa480000,0x00000000fb454910,0x00000000fe100000)
  to   space 58880K, 0% used [0x00000000f6b00000,0x00000000f6b00000,0x00000000fa480000)
 ParOldGen       total 204288K, used 160929K [0x00000000a0000000, 0x00000000ac780000, 0x00000000e0000000)
  object space 204288K, 78% used [0x00000000a0000000,0x00000000a9d28720,0x00000000ac780000)
 Metaspace       used 96297K, capacity 101290K, committed 101464K, reserved 1136640K
  class space    used 12304K, capacity 13401K, committed 13440K, reserved 1048576K
}
Event: 2175.291 GC heap before
{Heap before GC invocations=42 (full 5):
 PSYoungGen      total 433664K, used 387922K [0x00000000e0000000, 0x00000000ff100000, 0x0000000100000000)
  eden space 371712K, 100% used [0x00000000e0000000,0x00000000f6b00000,0x00000000f6b00000)
  from space 61952K, 26% used [0x00000000fa480000,0x00000000fb454910,0x00000000fe100000)
  to   space 58880K, 0% used [0x00000000f6b00000,0x00000000f6b00000,0x00000000fa480000)
 ParOldGen       total 204288K, used 160929K [0x00000000a0000000, 0x00000000ac780000, 0x00000000e0000000)
  object space 204288K, 78% used [0x00000000a0000000,0x00000000a9d28720,0x00000000ac780000)
 Metaspace       used 96676K, capacity 102014K, committed 102104K, reserved 1138688K
  class space    used 12351K, capacity 13507K, committed 13568K, reserved 1048576K
Event: 2175.394 GC heap after
Heap after GC invocations=42 (full 5):
 PSYoungGen      total 430592K, used 21233K [0x00000000e0000000, 0x00000000ff600000, 0x0000000100000000)
  eden space 371712K, 0% used [0x00000000e0000000,0x00000000e0000000,0x00000000f6b00000)
  from space 58880K, 36% used [0x00000000f6b00000,0x00000000f7fbc4c0,0x00000000fa480000)
  to   space 55296K, 0% used [0x00000000fc000000,0x00000000fc000000,0x00000000ff600000)
 ParOldGen       total 204288K, used 166261K [0x00000000a0000000, 0x00000000ac780000, 0x00000000e0000000)
  object space 204288K, 81% used [0x00000000a0000000,0x00000000aa25d6d8,0x00000000ac780000)
 Metaspace       used 96676K, capacity 102014K, committed 102104K, reserved 1138688K
  class space    used 12351K, capacity 13507K, committed 13568K, reserved 1048576K
}

