# JRE version: OpenJDK Runtime Environment (8.0_152-b01) (build 1.8.0_152-release-915-b01)
# Java VM: OpenJDK 64-Bit Server VM (25.152-b01 mixed mode windows-amd64 compressed oops)
Heap:
 PSYoungGen      total 123392K, used 30168K [0x00000000e0000000, 0x00000000e9080000, 0x0000000100000000)
  eden space 103424K, 16% used [0x00000000e0000000,0x00000000e103fc40,0x00000000e6500000)
  from space 19968K, 67% used [0x00000000e7900000,0x00000000e8636710,0x00000000e8c80000)
  to   space 20480K, 0% used [0x00000000e6500000,0x00000000e6500000,0x00000000e7900000)
 ParOldGen       total 127488K, used 98592K [0x00000000a0000000, 0x00000000a7c80000, 0x00000000e0000000)
  object space 127488K, 77% used [0x00000000a0000000,0x00000000a60482f0,0x00000000a7c80000)
 Metaspace       used 49326K, capacity 50216K, committed 50432K, reserved 1093632K
  class space    used 6136K, capacity 6354K, committed 6400K, reserved 1048576K
GC Heap History (10 events):
Event: 27.555 GC heap before
{Heap before GC invocations=21 (full 5):
 PSYoungGen      total 68096K, used 46028K [0x00000000e0000000, 0x00000000e6180000, 0x0000000100000000)
  eden space 52224K, 88% used [0x00000000e0000000,0x00000000e2cf3398,0x00000000e3300000)
  from space 15872K, 0% used [0x00000000e3300000,0x00000000e3300000,0x00000000e4280000)
  to   space 15872K, 0% used [0x00000000e5200000,0x00000000e5200000,0x00000000e6180000)
 ParOldGen       total 127488K, used 48218K [0x00000000a0000000, 0x00000000a7c80000, 0x00000000e0000000)
  object space 127488K, 37% used [0x00000000a0000000,0x00000000a2f168a8,0x00000000a7c80000)
 Metaspace       used 42497K, capacity 43176K, committed 43392K, reserved 1087488K
  class space    used 5350K, capacity 5504K, committed 5504K, reserved 1048576K
Event: 27.602 GC heap after
Heap after GC invocations=21 (full 5):
 PSYoungGen      total 82432K, used 96K [0x00000000e0000000, 0x00000000e6c80000, 0x0000000100000000)
  eden space 66560K, 0% used [0x00000000e0000000,0x00000000e0000000,0x00000000e4100000)
  from space 15872K, 0% used [0x00000000e5200000,0x00000000e5218000,0x00000000e6180000)
  to   space 17408K, 0% used [0x00000000e4100000,0x00000000e4100000,0x00000000e5200000)
 ParOldGen       total 127488K, used 89245K [0x00000000a0000000, 0x00000000a7c80000, 0x00000000e0000000)
  object space 127488K, 70% used [0x00000000a0000000,0x00000000a5727710,0x00000000a7c80000)
 Metaspace       used 42497K, capacity 43176K, committed 43392K, reserved 1087488K
  class space    used 5350K, capacity 5504K, committed 5504K, reserved 1048576K
}
Event: 28.445 GC heap before
{Heap before GC invocations=22 (full 5):
 PSYoungGen      total 82432K, used 66656K [0x00000000e0000000, 0x00000000e6c80000, 0x0000000100000000)
  eden space 66560K, 100% used [0x00000000e0000000,0x00000000e4100000,0x00000000e4100000)
  from space 15872K, 0% used [0x00000000e5200000,0x00000000e5218000,0x00000000e6180000)
  to   space 17408K, 0% used [0x00000000e4100000,0x00000000e4100000,0x00000000e5200000)
 ParOldGen       total 127488K, used 89245K [0x00000000a0000000, 0x00000000a7c80000, 0x00000000e0000000)
  object space 127488K, 70% used [0x00000000a0000000,0x00000000a5727710,0x00000000a7c80000)
 Metaspace       used 43465K, capacity 44260K, committed 44672K, reserved 1087488K
  class space    used 5478K, capacity 5670K, committed 5760K, reserved 1048576K
Event: 28.451 GC heap after
Heap after GC invocations=22 (full 5):
 PSYoungGen      total 83968K, used 2838K [0x00000000e0000000, 0x00000000e7e80000, 0x0000000100000000)
  eden space 66560K, 0% used [0x00000000e0000000,0x00000000e0000000,0x00000000e4100000)
  from space 17408K, 16% used [0x00000000e4100000,0x00000000e43c58e0,0x00000000e5200000)
  to   space 17408K, 0% used [0x00000000e6d80000,0x00000000e6d80000,0x00000000e7e80000)
 ParOldGen       total 127488K, used 89245K [0x00000000a0000000, 0x00000000a7c80000, 0x00000000e0000000)
  object space 127488K, 70% used [0x00000000a0000000,0x00000000a5727710,0x00000000a7c80000)
 Metaspace       used 43465K, capacity 44260K, committed 44672K, reserved 1087488K
  class space    used 5478K, capacity 5670K, committed 5760K, reserved 1048576K
}
Event: 31.119 GC heap before
{Heap before GC invocations=23 (full 5):
 PSYoungGen      total 83968K, used 69398K [0x00000000e0000000, 0x00000000e7e80000, 0x0000000100000000)
  eden space 66560K, 100% used [0x00000000e0000000,0x00000000e4100000,0x00000000e4100000)
  from space 17408K, 16% used [0x00000000e4100000,0x00000000e43c58e0,0x00000000e5200000)
  to   space 17408K, 0% used [0x00000000e6d80000,0x00000000e6d80000,0x00000000e7e80000)
 ParOldGen       total 127488K, used 89245K [0x00000000a0000000, 0x00000000a7c80000, 0x00000000e0000000)
  object space 127488K, 70% used [0x00000000a0000000,0x00000000a5727710,0x00000000a7c80000)
 Metaspace       used 45332K, capacity 46186K, committed 46592K, reserved 1089536K
  class space    used 5580K, capacity 5785K, committed 5888K, reserved 1048576K
Event: 31.149 GC heap after
Heap after GC invocations=23 (full 5):
 PSYoungGen      total 95744K, used 11631K [0x00000000e0000000, 0x00000000e7900000, 0x0000000100000000)
  eden space 83968K, 0% used [0x00000000e0000000,0x00000000e0000000,0x00000000e5200000)
  from space 11776K, 98% used [0x00000000e6d80000,0x00000000e78dbdc0,0x00000000e7900000)
  to   space 17920K, 0% used [0x00000000e5600000,0x00000000e5600000,0x00000000e6780000)
 ParOldGen       total 127488K, used 89253K [0x00000000a0000000, 0x00000000a7c80000, 0x00000000e0000000)
  object space 127488K, 70% used [0x00000000a0000000,0x00000000a5729710,0x00000000a7c80000)
 Metaspace       used 45332K, capacity 46186K, committed 46592K, reserved 1089536K
  class space    used 5580K, capacity 5785K, committed 5888K, reserved 1048576K
}
Event: 32.473 GC heap before
{Heap before GC invocations=24 (full 5):
 PSYoungGen      total 95744K, used 85807K [0x00000000e0000000, 0x00000000e7900000, 0x0000000100000000)
  eden space 83968K, 88% used [0x00000000e0000000,0x00000000e48701c8,0x00000000e5200000)
  from space 11776K, 98% used [0x00000000e6d80000,0x00000000e78dbdc0,0x00000000e7900000)
  to   space 17920K, 0% used [0x00000000e5600000,0x00000000e5600000,0x00000000e6780000)
 ParOldGen       total 127488K, used 89253K [0x00000000a0000000, 0x00000000a7c80000, 0x00000000e0000000)
  object space 127488K, 70% used [0x00000000a0000000,0x00000000a5729710,0x00000000a7c80000)
 Metaspace       used 46519K, capacity 47382K, committed 47744K, reserved 1091584K
  class space    used 5752K, capacity 5957K, committed 6016K, reserved 1048576K
Event: 32.508 GC heap after
Heap after GC invocations=24 (full 5):
 PSYoungGen      total 105984K, used 16083K [0x00000000e0000000, 0x00000000e8c80000, 0x0000000100000000)
  eden space 88064K, 0% used [0x00000000e0000000,0x00000000e0000000,0x00000000e5600000)
  from space 17920K, 89% used [0x00000000e5600000,0x00000000e65b4cb0,0x00000000e6780000)
  to   space 19968K, 0% used [0x00000000e7900000,0x00000000e7900000,0x00000000e8c80000)
 ParOldGen       total 127488K, used 89277K [0x00000000a0000000, 0x00000000a7c80000, 0x00000000e0000000)
  object space 127488K, 70% used [0x00000000a0000000,0x00000000a572f710,0x00000000a7c80000)
 Metaspace       used 46519K, capacity 47382K, committed 47744K, reserved 1091584K
  class space    used 5752K, capacity 5957K, committed 6016K, reserved 1048576K
}
Event: 34.354 GC heap before
{Heap before GC invocations=25 (full 5):
 PSYoungGen      total 105984K, used 104147K [0x00000000e0000000, 0x00000000e8c80000, 0x0000000100000000)
  eden space 88064K, 100% used [0x00000000e0000000,0x00000000e5600000,0x00000000e5600000)
  from space 17920K, 89% used [0x00000000e5600000,0x00000000e65b4cb0,0x00000000e6780000)
  to   space 19968K, 0% used [0x00000000e7900000,0x00000000e7900000,0x00000000e8c80000)
 ParOldGen       total 127488K, used 89277K [0x00000000a0000000, 0x00000000a7c80000, 0x00000000e0000000)
  object space 127488K, 70% used [0x00000000a0000000,0x00000000a572f710,0x00000000a7c80000)
 Metaspace       used 47909K, capacity 48800K, committed 49152K, reserved 1091584K
  class space    used 5884K, capacity 6098K, committed 6144K, reserved 1048576K
Event: 34.396 GC heap after
Heap after GC invocations=25 (full 5):
 PSYoungGen      total 123392K, used 13529K [0x00000000e0000000, 0x00000000e9080000, 0x0000000100000000)
  eden space 103424K, 0% used [0x00000000e0000000,0x00000000e0000000,0x00000000e6500000)
  from space 19968K, 67% used [0x00000000e7900000,0x00000000e8636710,0x00000000e8c80000)
  to   space 20480K, 0% used [0x00000000e6500000,0x00000000e6500000,0x00000000e7900000)
 ParOldGen       total 127488K, used 98592K [0x00000000a0000000, 0x00000000a7c80000, 0x00000000e0000000)
  object space 127488K, 77% used [0x00000000a0000000,0x00000000a60482f0,0x00000000a7c80000)
 Metaspace       used 47909K, capacity 48800K, committed 49152K, reserved 1091584K
  class space    used 5884K, capacity 6098K, committed 6144K, reserved 1048576K
}

