# JRE version: OpenJDK Runtime Environment (8.0_152-b01) (build 1.8.0_152-release-915-b01)
# Java VM: OpenJDK 64-Bit Server VM (25.152-b01 mixed mode windows-amd64 compressed oops)
Heap:
 PSYoungGen      total 480768K, used 275317K [0x00000000e0000000, 0x00000000ffa80000, 0x0000000100000000)
  eden space 448000K, 58% used [0x00000000e0000000,0x00000000effc3140,0x00000000fb580000)
  from space 32768K, 40% used [0x00000000fda80000,0x00000000fe79a388,0x00000000ffa80000)
  to   space 35328K, 0% used [0x00000000fb580000,0x00000000fb580000,0x00000000fd800000)
 ParOldGen       total 164352K, used 80533K [0x00000000a0000000, 0x00000000aa080000, 0x00000000e0000000)
  object space 164352K, 49% used [0x00000000a0000000,0x00000000a4ea5478,0x00000000aa080000)
 Metaspace       used 94472K, capacity 100194K, committed 100440K, reserved 1136640K
  class space    used 12082K, capacity 13355K, committed 13440K, reserved 1048576K
GC Heap History (10 events):
Event: 765.997 GC heap before
{Heap before GC invocations=37 (full 4):
 PSYoungGen      total 381440K, used 381415K [0x00000000e0000000, 0x00000000fab80000, 0x0000000100000000)
  eden space 348672K, 100% used [0x00000000e0000000,0x00000000f5480000,0x00000000f5480000)
  from space 32768K, 99% used [0x00000000f7d80000,0x00000000f9d79ff0,0x00000000f9d80000)
  to   space 41984K, 0% used [0x00000000f5480000,0x00000000f5480000,0x00000000f7d80000)
 ParOldGen       total 142848K, used 92968K [0x00000000a0000000, 0x00000000a8b80000, 0x00000000e0000000)
  object space 142848K, 65% used [0x00000000a0000000,0x00000000a5aca2a0,0x00000000a8b80000)
 Metaspace       used 93009K, capacity 98252K, committed 98520K, reserved 1134592K
  class space    used 12032K, capacity 13196K, committed 13312K, reserved 1048576K
Event: 766.315 GC heap after
Heap after GC invocations=37 (full 4):
 PSYoungGen      total 390656K, used 11156K [0x00000000e0000000, 0x00000000fdb00000, 0x0000000100000000)
  eden space 348672K, 0% used [0x00000000e0000000,0x00000000e0000000,0x00000000f5480000)
  from space 41984K, 26% used [0x00000000f5480000,0x00000000f5f65328,0x00000000f7d80000)
  to   space 39936K, 0% used [0x00000000fb400000,0x00000000fb400000,0x00000000fdb00000)
 ParOldGen       total 142848K, used 123368K [0x00000000a0000000, 0x00000000a8b80000, 0x00000000e0000000)
  object space 142848K, 86% used [0x00000000a0000000,0x00000000a787a2b0,0x00000000a8b80000)
 Metaspace       used 93009K, capacity 98252K, committed 98520K, reserved 1134592K
  class space    used 12032K, capacity 13196K, committed 13312K, reserved 1048576K
}
Event: 766.316 GC heap before
{Heap before GC invocations=38 (full 5):
 PSYoungGen      total 390656K, used 11156K [0x00000000e0000000, 0x00000000fdb00000, 0x0000000100000000)
  eden space 348672K, 0% used [0x00000000e0000000,0x00000000e0000000,0x00000000f5480000)
  from space 41984K, 26% used [0x00000000f5480000,0x00000000f5f65328,0x00000000f7d80000)
  to   space 39936K, 0% used [0x00000000fb400000,0x00000000fb400000,0x00000000fdb00000)
 ParOldGen       total 142848K, used 123368K [0x00000000a0000000, 0x00000000a8b80000, 0x00000000e0000000)
  object space 142848K, 86% used [0x00000000a0000000,0x00000000a787a2b0,0x00000000a8b80000)
 Metaspace       used 93009K, capacity 98252K, committed 98520K, reserved 1134592K
  class space    used 12032K, capacity 13196K, committed 13312K, reserved 1048576K
Event: 767.676 GC heap after
Heap after GC invocations=38 (full 5):
 PSYoungGen      total 390656K, used 0K [0x00000000e0000000, 0x00000000fdb00000, 0x0000000100000000)
  eden space 348672K, 0% used [0x00000000e0000000,0x00000000e0000000,0x00000000f5480000)
  from space 41984K, 0% used [0x00000000f5480000,0x00000000f5480000,0x00000000f7d80000)
  to   space 39936K, 0% used [0x00000000fb400000,0x00000000fb400000,0x00000000fdb00000)
 ParOldGen       total 164352K, used 72094K [0x00000000a0000000, 0x00000000aa080000, 0x00000000e0000000)
  object space 164352K, 43% used [0x00000000a0000000,0x00000000a4667938,0x00000000aa080000)
 Metaspace       used 92361K, capacity 97002K, committed 98520K, reserved 1134592K
  class space    used 11873K, capacity 12919K, committed 13312K, reserved 1048576K
}
Event: 802.400 GC heap before
{Heap before GC invocations=39 (full 5):
 PSYoungGen      total 390656K, used 348641K [0x00000000e0000000, 0x00000000fdb00000, 0x0000000100000000)
  eden space 348672K, 99% used [0x00000000e0000000,0x00000000f54787c8,0x00000000f5480000)
  from space 41984K, 0% used [0x00000000f5480000,0x00000000f5480000,0x00000000f7d80000)
  to   space 39936K, 0% used [0x00000000fb400000,0x00000000fb400000,0x00000000fdb00000)
 ParOldGen       total 164352K, used 72094K [0x00000000a0000000, 0x00000000aa080000, 0x00000000e0000000)
  object space 164352K, 43% used [0x00000000a0000000,0x00000000a4667938,0x00000000aa080000)
 Metaspace       used 92830K, capacity 97514K, committed 98776K, reserved 1134592K
  class space    used 11898K, capacity 12961K, committed 13312K, reserved 1048576K
Event: 802.669 GC heap after
Heap after GC invocations=39 (full 5):
 PSYoungGen      total 445440K, used 11514K [0x00000000e0000000, 0x00000000fd900000, 0x0000000100000000)
  eden space 407552K, 0% used [0x00000000e0000000,0x00000000e0000000,0x00000000f8e00000)
  from space 37888K, 30% used [0x00000000fb400000,0x00000000fbf3ebe8,0x00000000fd900000)
  to   space 38400K, 0% used [0x00000000f8e00000,0x00000000f8e00000,0x00000000fb380000)
 ParOldGen       total 164352K, used 72102K [0x00000000a0000000, 0x00000000aa080000, 0x00000000e0000000)
  object space 164352K, 43% used [0x00000000a0000000,0x00000000a4669938,0x00000000aa080000)
 Metaspace       used 92830K, capacity 97514K, committed 98776K, reserved 1134592K
  class space    used 11898K, capacity 12961K, committed 13312K, reserved 1048576K
}
Event: 2285.752 GC heap before
{Heap before GC invocations=40 (full 5):
 PSYoungGen      total 445440K, used 419066K [0x00000000e0000000, 0x00000000fd900000, 0x0000000100000000)
  eden space 407552K, 100% used [0x00000000e0000000,0x00000000f8e00000,0x00000000f8e00000)
  from space 37888K, 30% used [0x00000000fb400000,0x00000000fbf3ebe8,0x00000000fd900000)
  to   space 38400K, 0% used [0x00000000f8e00000,0x00000000f8e00000,0x00000000fb380000)
 ParOldGen       total 164352K, used 72102K [0x00000000a0000000, 0x00000000aa080000, 0x00000000e0000000)
  object space 164352K, 43% used [0x00000000a0000000,0x00000000a4669938,0x00000000aa080000)
 Metaspace       used 93374K, capacity 98632K, committed 99032K, reserved 1134592K
  class space    used 11975K, capacity 13142K, committed 13312K, reserved 1048576K
Event: 2285.900 GC heap after
Heap after GC invocations=40 (full 5):
 PSYoungGen      total 445952K, used 5591K [0x00000000e0000000, 0x00000000fff80000, 0x0000000100000000)
  eden space 407552K, 0% used [0x00000000e0000000,0x00000000e0000000,0x00000000f8e00000)
  from space 38400K, 14% used [0x00000000f8e00000,0x00000000f9375f60,0x00000000fb380000)
  to   space 37888K, 0% used [0x00000000fda80000,0x00000000fda80000,0x00000000fff80000)
 ParOldGen       total 164352K, used 78510K [0x00000000a0000000, 0x00000000aa080000, 0x00000000e0000000)
  object space 164352K, 47% used [0x00000000a0000000,0x00000000a4cab990,0x00000000aa080000)
 Metaspace       used 93374K, capacity 98632K, committed 99032K, reserved 1134592K
  class space    used 11975K, capacity 13142K, committed 13312K, reserved 1048576K
}
Event: 2318.958 GC heap before
{Heap before GC invocations=41 (full 5):
 PSYoungGen      total 445952K, used 413109K [0x00000000e0000000, 0x00000000fff80000, 0x0000000100000000)
  eden space 407552K, 99% used [0x00000000e0000000,0x00000000f8df7588,0x00000000f8e00000)
  from space 38400K, 14% used [0x00000000f8e00000,0x00000000f9375f60,0x00000000fb380000)
  to   space 37888K, 0% used [0x00000000fda80000,0x00000000fda80000,0x00000000fff80000)
 ParOldGen       total 164352K, used 78510K [0x00000000a0000000, 0x00000000aa080000, 0x00000000e0000000)
  object space 164352K, 47% used [0x00000000a0000000,0x00000000a4cab990,0x00000000aa080000)
 Metaspace       used 94044K, capacity 99454K, committed 99928K, reserved 1136640K
  class space    used 12025K, capacity 13233K, committed 13440K, reserved 1048576K
Event: 2319.168 GC heap after
Heap after GC invocations=41 (full 5):
 PSYoungGen      total 480768K, used 13416K [0x00000000e0000000, 0x00000000ffa80000, 0x0000000100000000)
  eden space 448000K, 0% used [0x00000000e0000000,0x00000000e0000000,0x00000000fb580000)
  from space 32768K, 40% used [0x00000000fda80000,0x00000000fe79a388,0x00000000ffa80000)
  to   space 35328K, 0% used [0x00000000fb580000,0x00000000fb580000,0x00000000fd800000)
 ParOldGen       total 164352K, used 80533K [0x00000000a0000000, 0x00000000aa080000, 0x00000000e0000000)
  object space 164352K, 49% used [0x00000000a0000000,0x00000000a4ea5478,0x00000000aa080000)
 Metaspace       used 94044K, capacity 99454K, committed 99928K, reserved 1136640K
  class space    used 12025K, capacity 13233K, committed 13440K, reserved 1048576K
}

