# JRE version: OpenJDK Runtime Environment (8.0_152-b01) (build 1.8.0_152-release-915-b01)
# Java VM: OpenJDK 64-Bit Server VM (25.152-b01 mixed mode windows-amd64 compressed oops)
Heap:
 PSYoungGen      total 235008K, used 230965K [0x00000000e0000000, 0x00000000f1e00000, 0x0000000100000000)
  eden space 181248K, 97% used [0x00000000e0000000,0x00000000ead14778,0x00000000eb100000)
  from space 53760K, 99% used [0x00000000eb100000,0x00000000ee578fb0,0x00000000ee580000)
  to   space 51200K, 0% used [0x00000000ee580000,0x00000000ee580000,0x00000000f1780000)
 ParOldGen       total 239616K, used 163251K [0x00000000a0000000, 0x00000000aea00000, 0x00000000e0000000)
  object space 239616K, 68% used [0x00000000a0000000,0x00000000a9f6cc78,0x00000000aea00000)
 Metaspace       used 63043K, capacity 64632K, committed 64680K, reserved 1105920K
  class space    used 7202K, capacity 7588K, committed 7592K, reserved 1048576K
GC Heap History (10 events):
Event: 47.170 GC heap before
{Heap before GC invocations=25 (full 6):
 PSYoungGen      total 196096K, used 195757K [0x00000000e0000000, 0x00000000eea80000, 0x0000000100000000)
  eden space 167424K, 100% used [0x00000000e0000000,0x00000000ea380000,0x00000000ea380000)
  from space 28672K, 98% used [0x00000000ece80000,0x00000000eea2b728,0x00000000eea80000)
  to   space 35840K, 0% used [0x00000000ea480000,0x00000000ea480000,0x00000000ec780000)
 ParOldGen       total 239616K, used 146789K [0x00000000a0000000, 0x00000000aea00000, 0x00000000e0000000)
  object space 239616K, 61% used [0x00000000a0000000,0x00000000a8f59450,0x00000000aea00000)
 Metaspace       used 53601K, capacity 54958K, committed 55208K, reserved 1097728K
  class space    used 6471K, capacity 6785K, committed 6824K, reserved 1048576K
Event: 47.251 GC heap after
Heap after GC invocations=25 (full 6):
 PSYoungGen      total 204288K, used 35365K [0x00000000e0000000, 0x00000000f0000000, 0x0000000100000000)
  eden space 168448K, 0% used [0x00000000e0000000,0x00000000e0000000,0x00000000ea480000)
  from space 35840K, 98% used [0x00000000ea480000,0x00000000ec709660,0x00000000ec780000)
  to   space 40960K, 0% used [0x00000000ed800000,0x00000000ed800000,0x00000000f0000000)
 ParOldGen       total 239616K, used 146797K [0x00000000a0000000, 0x00000000aea00000, 0x00000000e0000000)
  object space 239616K, 61% used [0x00000000a0000000,0x00000000a8f5b450,0x00000000aea00000)
 Metaspace       used 53601K, capacity 54958K, committed 55208K, reserved 1097728K
  class space    used 6471K, capacity 6785K, committed 6824K, reserved 1048576K
}
Event: 57.037 GC heap before
{Heap before GC invocations=26 (full 6):
 PSYoungGen      total 204288K, used 203813K [0x00000000e0000000, 0x00000000f0000000, 0x0000000100000000)
  eden space 168448K, 100% used [0x00000000e0000000,0x00000000ea480000,0x00000000ea480000)
  from space 35840K, 98% used [0x00000000ea480000,0x00000000ec709660,0x00000000ec780000)
  to   space 40960K, 0% used [0x00000000ed800000,0x00000000ed800000,0x00000000f0000000)
 ParOldGen       total 239616K, used 146797K [0x00000000a0000000, 0x00000000aea00000, 0x00000000e0000000)
  object space 239616K, 61% used [0x00000000a0000000,0x00000000a8f5b450,0x00000000aea00000)
 Metaspace       used 59869K, capacity 61354K, committed 61608K, reserved 1103872K
  class space    used 6975K, capacity 7301K, committed 7336K, reserved 1048576K
Event: 57.138 GC heap after
Heap after GC invocations=26 (full 6):
 PSYoungGen      total 215040K, used 40695K [0x00000000e0000000, 0x00000000f0b00000, 0x0000000100000000)
  eden space 174080K, 0% used [0x00000000e0000000,0x00000000e0000000,0x00000000eaa00000)
  from space 40960K, 99% used [0x00000000ed800000,0x00000000effbdf88,0x00000000f0000000)
  to   space 47104K, 0% used [0x00000000eaa00000,0x00000000eaa00000,0x00000000ed800000)
 ParOldGen       total 239616K, used 146805K [0x00000000a0000000, 0x00000000aea00000, 0x00000000e0000000)
  object space 239616K, 61% used [0x00000000a0000000,0x00000000a8f5d450,0x00000000aea00000)
 Metaspace       used 59869K, capacity 61354K, committed 61608K, reserved 1103872K
  class space    used 6975K, capacity 7301K, committed 7336K, reserved 1048576K
}
Event: 62.149 GC heap before
{Heap before GC invocations=27 (full 6):
 PSYoungGen      total 215040K, used 214775K [0x00000000e0000000, 0x00000000f0b00000, 0x0000000100000000)
  eden space 174080K, 100% used [0x00000000e0000000,0x00000000eaa00000,0x00000000eaa00000)
  from space 40960K, 99% used [0x00000000ed800000,0x00000000effbdf88,0x00000000f0000000)
  to   space 47104K, 0% used [0x00000000eaa00000,0x00000000eaa00000,0x00000000ed800000)
 ParOldGen       total 239616K, used 146805K [0x00000000a0000000, 0x00000000aea00000, 0x00000000e0000000)
  object space 239616K, 61% used [0x00000000a0000000,0x00000000a8f5d450,0x00000000aea00000)
 Metaspace       used 60871K, capacity 62346K, committed 62504K, reserved 1103872K
  class space    used 7053K, capacity 7371K, committed 7464K, reserved 1048576K
Event: 62.248 GC heap after
Heap after GC invocations=27 (full 6):
 PSYoungGen      total 221184K, used 37653K [0x00000000e0000000, 0x00000000f1780000, 0x0000000100000000)
  eden space 174080K, 0% used [0x00000000e0000000,0x00000000e0000000,0x00000000eaa00000)
  from space 47104K, 79% used [0x00000000eaa00000,0x00000000ecec5760,0x00000000ed800000)
  to   space 51200K, 0% used [0x00000000ee580000,0x00000000ee580000,0x00000000f1780000)
 ParOldGen       total 239616K, used 146813K [0x00000000a0000000, 0x00000000aea00000, 0x00000000e0000000)
  object space 239616K, 61% used [0x00000000a0000000,0x00000000a8f5f450,0x00000000aea00000)
 Metaspace       used 60871K, capacity 62346K, committed 62504K, reserved 1103872K
  class space    used 7053K, capacity 7371K, committed 7464K, reserved 1048576K
}
Event: 64.740 GC heap before
{Heap before GC invocations=28 (full 6):
 PSYoungGen      total 221184K, used 211733K [0x00000000e0000000, 0x00000000f1780000, 0x0000000100000000)
  eden space 174080K, 100% used [0x00000000e0000000,0x00000000eaa00000,0x00000000eaa00000)
  from space 47104K, 79% used [0x00000000eaa00000,0x00000000ecec5760,0x00000000ed800000)
  to   space 51200K, 0% used [0x00000000ee580000,0x00000000ee580000,0x00000000f1780000)
 ParOldGen       total 239616K, used 146813K [0x00000000a0000000, 0x00000000aea00000, 0x00000000e0000000)
  object space 239616K, 61% used [0x00000000a0000000,0x00000000a8f5f450,0x00000000aea00000)
 Metaspace       used 61184K, capacity 62668K, committed 62760K, reserved 1103872K
  class space    used 7063K, capacity 7408K, committed 7464K, reserved 1048576K
Event: 64.974 GC heap after
Heap after GC invocations=28 (full 6):
 PSYoungGen      total 232448K, used 37319K [0x00000000e0000000, 0x00000000f1e00000, 0x0000000100000000)
  eden space 181248K, 0% used [0x00000000e0000000,0x00000000e0000000,0x00000000eb100000)
  from space 51200K, 72% used [0x00000000ee580000,0x00000000f09f1da0,0x00000000f1780000)
  to   space 53760K, 0% used [0x00000000eb100000,0x00000000eb100000,0x00000000ee580000)
 ParOldGen       total 239616K, used 146821K [0x00000000a0000000, 0x00000000aea00000, 0x00000000e0000000)
  object space 239616K, 61% used [0x00000000a0000000,0x00000000a8f61450,0x00000000aea00000)
 Metaspace       used 61184K, capacity 62668K, committed 62760K, reserved 1103872K
  class space    used 7063K, capacity 7408K, committed 7464K, reserved 1048576K
}
Event: 257.135 GC heap before
{Heap before GC invocations=29 (full 6):
 PSYoungGen      total 232448K, used 218567K [0x00000000e0000000, 0x00000000f1e00000, 0x0000000100000000)
  eden space 181248K, 100% used [0x00000000e0000000,0x00000000eb100000,0x00000000eb100000)
  from space 51200K, 72% used [0x00000000ee580000,0x00000000f09f1da0,0x00000000f1780000)
  to   space 53760K, 0% used [0x00000000eb100000,0x00000000eb100000,0x00000000ee580000)
 ParOldGen       total 239616K, used 146821K [0x00000000a0000000, 0x00000000aea00000, 0x00000000e0000000)
  object space 239616K, 61% used [0x00000000a0000000,0x00000000a8f61450,0x00000000aea00000)
 Metaspace       used 62221K, capacity 63764K, committed 63912K, reserved 1105920K
  class space    used 7140K, capacity 7514K, committed 7592K, reserved 1048576K
Event: 257.600 GC heap after
Heap after GC invocations=29 (full 6):
 PSYoungGen      total 235008K, used 53731K [0x00000000e0000000, 0x00000000f1e00000, 0x0000000100000000)
  eden space 181248K, 0% used [0x00000000e0000000,0x00000000e0000000,0x00000000eb100000)
  from space 53760K, 99% used [0x00000000eb100000,0x00000000ee578fb0,0x00000000ee580000)
  to   space 51200K, 0% used [0x00000000ee580000,0x00000000ee580000,0x00000000f1780000)
 ParOldGen       total 239616K, used 163251K [0x00000000a0000000, 0x00000000aea00000, 0x00000000e0000000)
  object space 239616K, 68% used [0x00000000a0000000,0x00000000a9f6cc78,0x00000000aea00000)
 Metaspace       used 62221K, capacity 63764K, committed 63912K, reserved 1105920K
  class space    used 7140K, capacity 7514K, committed 7592K, reserved 1048576K
}

