# JRE version: OpenJDK Runtime Environment (8.0_152-b01) (build 1.8.0_152-release-915-b01)
# Java VM: OpenJDK 64-Bit Server VM (25.152-b01 mixed mode windows-amd64 compressed oops)
Heap:
 PSYoungGen      total 84992K, used 35227K [0x00000000e0000000, 0x00000000e7080000, 0x0000000100000000)
  eden space 65536K, 26% used [0x00000000e0000000,0x00000000e10e1950,0x00000000e4000000)
  from space 19456K, 92% used [0x00000000e4000000,0x00000000e5185670,0x00000000e5300000)
  to   space 21504K, 0% used [0x00000000e5b80000,0x00000000e5b80000,0x00000000e7080000)
 ParOldGen       total 166912K, used 87865K [0x00000000a0000000, 0x00000000aa300000, 0x00000000e0000000)
  object space 166912K, 52% used [0x00000000a0000000,0x00000000a55ce448,0x00000000aa300000)
 Metaspace       used 47468K, capacity 48396K, committed 48640K, reserved 1091584K
  class space    used 5837K, capacity 6030K, committed 6144K, reserved 1048576K
GC Heap History (10 events):
Event: 24.684 GC heap before
{Heap before GC invocations=21 (full 5):
 PSYoungGen      total 77312K, used 60416K [0x00000000e0000000, 0x00000000e6480000, 0x0000000100000000)
  eden space 60416K, 100% used [0x00000000e0000000,0x00000000e3b00000,0x00000000e3b00000)
  from space 16896K, 0% used [0x00000000e3b00000,0x00000000e3b00000,0x00000000e4b80000)
  to   space 16896K, 0% used [0x00000000e4b80000,0x00000000e4b80000,0x00000000e5c00000)
 ParOldGen       total 140288K, used 87955K [0x00000000a0000000, 0x00000000a8900000, 0x00000000e0000000)
  object space 140288K, 62% used [0x00000000a0000000,0x00000000a55e4da8,0x00000000a8900000)
 Metaspace       used 42655K, capacity 43386K, committed 43776K, reserved 1087488K
  class space    used 5353K, capacity 5505K, committed 5632K, reserved 1048576K
Event: 24.701 GC heap after
Heap after GC invocations=21 (full 5):
 PSYoungGen      total 76800K, used 128K [0x00000000e0000000, 0x00000000e6800000, 0x0000000100000000)
  eden space 59904K, 0% used [0x00000000e0000000,0x00000000e0000000,0x00000000e3a80000)
  from space 16896K, 0% used [0x00000000e4b80000,0x00000000e4ba0000,0x00000000e5c00000)
  to   space 17408K, 0% used [0x00000000e3a80000,0x00000000e3a80000,0x00000000e4b80000)
 ParOldGen       total 140288K, used 128983K [0x00000000a0000000, 0x00000000a8900000, 0x00000000e0000000)
  object space 140288K, 91% used [0x00000000a0000000,0x00000000a7df5c10,0x00000000a8900000)
 Metaspace       used 42655K, capacity 43386K, committed 43776K, reserved 1087488K
  class space    used 5353K, capacity 5505K, committed 5632K, reserved 1048576K
}
Event: 24.701 GC heap before
{Heap before GC invocations=22 (full 6):
 PSYoungGen      total 76800K, used 128K [0x00000000e0000000, 0x00000000e6800000, 0x0000000100000000)
  eden space 59904K, 0% used [0x00000000e0000000,0x00000000e0000000,0x00000000e3a80000)
  from space 16896K, 0% used [0x00000000e4b80000,0x00000000e4ba0000,0x00000000e5c00000)
  to   space 17408K, 0% used [0x00000000e3a80000,0x00000000e3a80000,0x00000000e4b80000)
 ParOldGen       total 140288K, used 128983K [0x00000000a0000000, 0x00000000a8900000, 0x00000000e0000000)
  object space 140288K, 91% used [0x00000000a0000000,0x00000000a7df5c10,0x00000000a8900000)
 Metaspace       used 42655K, capacity 43386K, committed 43776K, reserved 1087488K
  class space    used 5353K, capacity 5505K, committed 5632K, reserved 1048576K
Event: 24.799 GC heap after
Heap after GC invocations=22 (full 6):
 PSYoungGen      total 76800K, used 0K [0x00000000e0000000, 0x00000000e6800000, 0x0000000100000000)
  eden space 59904K, 0% used [0x00000000e0000000,0x00000000e0000000,0x00000000e3a80000)
  from space 16896K, 0% used [0x00000000e4b80000,0x00000000e4b80000,0x00000000e5c00000)
  to   space 17408K, 0% used [0x00000000e3a80000,0x00000000e3a80000,0x00000000e4b80000)
 ParOldGen       total 166912K, used 36556K [0x00000000a0000000, 0x00000000aa300000, 0x00000000e0000000)
  object space 166912K, 21% used [0x00000000a0000000,0x00000000a23b3238,0x00000000aa300000)
 Metaspace       used 42655K, capacity 43386K, committed 43776K, reserved 1087488K
  class space    used 5353K, capacity 5505K, committed 5632K, reserved 1048576K
}
Event: 27.025 GC heap before
{Heap before GC invocations=23 (full 6):
 PSYoungGen      total 76800K, used 59904K [0x00000000e0000000, 0x00000000e6800000, 0x0000000100000000)
  eden space 59904K, 100% used [0x00000000e0000000,0x00000000e3a80000,0x00000000e3a80000)
  from space 16896K, 0% used [0x00000000e4b80000,0x00000000e4b80000,0x00000000e5c00000)
  to   space 17408K, 0% used [0x00000000e3a80000,0x00000000e3a80000,0x00000000e4b80000)
 ParOldGen       total 166912K, used 36556K [0x00000000a0000000, 0x00000000aa300000, 0x00000000e0000000)
  object space 166912K, 21% used [0x00000000a0000000,0x00000000a23b3238,0x00000000aa300000)
 Metaspace       used 45288K, capacity 46132K, committed 46592K, reserved 1089536K
  class space    used 5574K, capacity 5786K, committed 5888K, reserved 1048576K
Event: 27.054 GC heap after
Heap after GC invocations=23 (full 6):
 PSYoungGen      total 77312K, used 9702K [0x00000000e0000000, 0x00000000e6500000, 0x0000000100000000)
  eden space 59904K, 0% used [0x00000000e0000000,0x00000000e0000000,0x00000000e3a80000)
  from space 17408K, 55% used [0x00000000e3a80000,0x00000000e43f9b30,0x00000000e4b80000)
  to   space 17408K, 0% used [0x00000000e5400000,0x00000000e5400000,0x00000000e6500000)
 ParOldGen       total 166912K, used 36564K [0x00000000a0000000, 0x00000000aa300000, 0x00000000e0000000)
  object space 166912K, 21% used [0x00000000a0000000,0x00000000a23b5238,0x00000000aa300000)
 Metaspace       used 45288K, capacity 46132K, committed 46592K, reserved 1089536K
  class space    used 5574K, capacity 5786K, committed 5888K, reserved 1048576K
}
Event: 28.533 GC heap before
{Heap before GC invocations=24 (full 6):
 PSYoungGen      total 77312K, used 69606K [0x00000000e0000000, 0x00000000e6500000, 0x0000000100000000)
  eden space 59904K, 100% used [0x00000000e0000000,0x00000000e3a80000,0x00000000e3a80000)
  from space 17408K, 55% used [0x00000000e3a80000,0x00000000e43f9b30,0x00000000e4b80000)
  to   space 17408K, 0% used [0x00000000e5400000,0x00000000e5400000,0x00000000e6500000)
 ParOldGen       total 166912K, used 36564K [0x00000000a0000000, 0x00000000aa300000, 0x00000000e0000000)
  object space 166912K, 21% used [0x00000000a0000000,0x00000000a23b5238,0x00000000aa300000)
 Metaspace       used 46334K, capacity 47194K, committed 47488K, reserved 1091584K
  class space    used 5711K, capacity 5921K, committed 6016K, reserved 1048576K
Event: 28.575 GC heap after
Heap after GC invocations=24 (full 6):
 PSYoungGen      total 82944K, used 16067K [0x00000000e0000000, 0x00000000e6600000, 0x0000000100000000)
  eden space 65536K, 0% used [0x00000000e0000000,0x00000000e0000000,0x00000000e4000000)
  from space 17408K, 92% used [0x00000000e5400000,0x00000000e63b0da0,0x00000000e6500000)
  to   space 19456K, 0% used [0x00000000e4000000,0x00000000e4000000,0x00000000e5300000)
 ParOldGen       total 166912K, used 36572K [0x00000000a0000000, 0x00000000aa300000, 0x00000000e0000000)
  object space 166912K, 21% used [0x00000000a0000000,0x00000000a23b7238,0x00000000aa300000)
 Metaspace       used 46334K, capacity 47194K, committed 47488K, reserved 1091584K
  class space    used 5711K, capacity 5921K, committed 6016K, reserved 1048576K
}
Event: 29.285 GC heap before
{Heap before GC invocations=25 (full 6):
 PSYoungGen      total 82944K, used 80013K [0x00000000e0000000, 0x00000000e6600000, 0x0000000100000000)
  eden space 65536K, 97% used [0x00000000e0000000,0x00000000e3e72768,0x00000000e4000000)
  from space 17408K, 92% used [0x00000000e5400000,0x00000000e63b0da0,0x00000000e6500000)
  to   space 19456K, 0% used [0x00000000e4000000,0x00000000e4000000,0x00000000e5300000)
 ParOldGen       total 166912K, used 77600K [0x00000000a0000000, 0x00000000aa300000, 0x00000000e0000000)
  object space 166912K, 46% used [0x00000000a0000000,0x00000000a4bc80a0,0x00000000aa300000)
 Metaspace       used 46831K, capacity 47688K, committed 48000K, reserved 1091584K
  class space    used 5776K, capacity 5992K, committed 6016K, reserved 1048576K
Event: 29.341 GC heap after
Heap after GC invocations=25 (full 6):
 PSYoungGen      total 84992K, used 17941K [0x00000000e0000000, 0x00000000e7080000, 0x0000000100000000)
  eden space 65536K, 0% used [0x00000000e0000000,0x00000000e0000000,0x00000000e4000000)
  from space 19456K, 92% used [0x00000000e4000000,0x00000000e5185670,0x00000000e5300000)
  to   space 21504K, 0% used [0x00000000e5b80000,0x00000000e5b80000,0x00000000e7080000)
 ParOldGen       total 166912K, used 87865K [0x00000000a0000000, 0x00000000aa300000, 0x00000000e0000000)
  object space 166912K, 52% used [0x00000000a0000000,0x00000000a55ce448,0x00000000aa300000)
 Metaspace       used 46831K, capacity 47688K, committed 48000K, reserved 1091584K
  class space    used 5776K, capacity 5992K, committed 6016K, reserved 1048576K
}

