# JRE version: OpenJDK Runtime Environment (8.0_152-b01) (build 1.8.0_152-release-915-b01)
# Java VM: OpenJDK 64-Bit Server VM (25.152-b01 mixed mode windows-amd64 compressed oops)
Heap:
 PSYoungGen      total 180736K, used 145879K [0x00000000e0000000, 0x00000000ec300000, 0x0000000100000000)
  eden space 164864K, 83% used [0x00000000e0000000,0x00000000e8619c00,0x00000000ea100000)
  from space 15872K, 53% used [0x00000000eb380000,0x00000000ebbdc238,0x00000000ec300000)
  to   space 17408K, 0% used [0x00000000ea100000,0x00000000ea100000,0x00000000eb200000)
 ParOldGen       total 141824K, used 64352K [0x00000000a0000000, 0x00000000a8a80000, 0x00000000e0000000)
  object space 141824K, 45% used [0x00000000a0000000,0x00000000a3ed8090,0x00000000a8a80000)
 Metaspace       used 85919K, capacity 89732K, committed 89816K, reserved 1126400K
  class space    used 11345K, capacity 12232K, committed 12288K, reserved 1048576K
GC Heap History (10 events):
Event: 73.360 GC heap before
{Heap before GC invocations=24 (full 3):
 PSYoungGen      total 151552K, used 147732K [0x00000000e0000000, 0x00000000ea480000, 0x0000000100000000)
  eden space 139776K, 100% used [0x00000000e0000000,0x00000000e8880000,0x00000000e8880000)
  from space 11776K, 67% used [0x00000000e9900000,0x00000000ea0c50e8,0x00000000ea480000)
  to   space 14336K, 0% used [0x00000000e8880000,0x00000000e8880000,0x00000000e9680000)
 ParOldGen       total 90624K, used 51999K [0x00000000a0000000, 0x00000000a5880000, 0x00000000e0000000)
  object space 90624K, 57% used [0x00000000a0000000,0x00000000a32c7c00,0x00000000a5880000)
 Metaspace       used 64874K, capacity 67338K, committed 67544K, reserved 1107968K
  class space    used 8713K, capacity 9393K, committed 9472K, reserved 1048576K
Event: 73.393 GC heap after
Heap after GC invocations=24 (full 3):
 PSYoungGen      total 154112K, used 14319K [0x00000000e0000000, 0x00000000eb900000, 0x0000000100000000)
  eden space 139776K, 0% used [0x00000000e0000000,0x00000000e0000000,0x00000000e8880000)
  from space 14336K, 99% used [0x00000000e8880000,0x00000000e967bc28,0x00000000e9680000)
  to   space 16896K, 0% used [0x00000000ea880000,0x00000000ea880000,0x00000000eb900000)
 ParOldGen       total 90624K, used 52591K [0x00000000a0000000, 0x00000000a5880000, 0x00000000e0000000)
  object space 90624K, 58% used [0x00000000a0000000,0x00000000a335bc00,0x00000000a5880000)
 Metaspace       used 64874K, capacity 67338K, committed 67544K, reserved 1107968K
  class space    used 8713K, capacity 9393K, committed 9472K, reserved 1048576K
}
Event: 108.760 GC heap before
{Heap before GC invocations=25 (full 3):
 PSYoungGen      total 154112K, used 154095K [0x00000000e0000000, 0x00000000eb900000, 0x0000000100000000)
  eden space 139776K, 100% used [0x00000000e0000000,0x00000000e8880000,0x00000000e8880000)
  from space 14336K, 99% used [0x00000000e8880000,0x00000000e967bc28,0x00000000e9680000)
  to   space 16896K, 0% used [0x00000000ea880000,0x00000000ea880000,0x00000000eb900000)
 ParOldGen       total 90624K, used 52591K [0x00000000a0000000, 0x00000000a5880000, 0x00000000e0000000)
  object space 90624K, 58% used [0x00000000a0000000,0x00000000a335bc00,0x00000000a5880000)
 Metaspace       used 66124K, capacity 68782K, committed 68952K, reserved 1107968K
  class space    used 8822K, capacity 9489K, committed 9600K, reserved 1048576K
Event: 108.795 GC heap after
Heap after GC invocations=25 (full 3):
 PSYoungGen      total 165376K, used 6471K [0x00000000e0000000, 0x00000000eb480000, 0x0000000100000000)
  eden space 153088K, 0% used [0x00000000e0000000,0x00000000e0000000,0x00000000e9580000)
  from space 12288K, 52% used [0x00000000ea880000,0x00000000eaed1ca0,0x00000000eb480000)
  to   space 15872K, 0% used [0x00000000e9580000,0x00000000e9580000,0x00000000ea500000)
 ParOldGen       total 90624K, used 64247K [0x00000000a0000000, 0x00000000a5880000, 0x00000000e0000000)
  object space 90624K, 70% used [0x00000000a0000000,0x00000000a3ebded0,0x00000000a5880000)
 Metaspace       used 66124K, capacity 68782K, committed 68952K, reserved 1107968K
  class space    used 8822K, capacity 9489K, committed 9600K, reserved 1048576K
}
Event: 123.955 GC heap before
{Heap before GC invocations=26 (full 3):
 PSYoungGen      total 165376K, used 159559K [0x00000000e0000000, 0x00000000eb480000, 0x0000000100000000)
  eden space 153088K, 100% used [0x00000000e0000000,0x00000000e9580000,0x00000000e9580000)
  from space 12288K, 52% used [0x00000000ea880000,0x00000000eaed1ca0,0x00000000eb480000)
  to   space 15872K, 0% used [0x00000000e9580000,0x00000000e9580000,0x00000000ea500000)
 ParOldGen       total 90624K, used 64254K [0x00000000a0000000, 0x00000000a5880000, 0x00000000e0000000)
  object space 90624K, 70% used [0x00000000a0000000,0x00000000a3ebf9e8,0x00000000a5880000)
 Metaspace       used 74211K, capacity 77090K, committed 77272K, reserved 1116160K
  class space    used 9923K, capacity 10629K, committed 10752K, reserved 1048576K
Event: 123.984 GC heap after
Heap after GC invocations=26 (full 3):
 PSYoungGen      total 168960K, used 15839K [0x00000000e0000000, 0x00000000ec580000, 0x0000000100000000)
  eden space 153088K, 0% used [0x00000000e0000000,0x00000000e0000000,0x00000000e9580000)
  from space 15872K, 99% used [0x00000000e9580000,0x00000000ea4f7f88,0x00000000ea500000)
  to   space 18432K, 0% used [0x00000000eb380000,0x00000000eb380000,0x00000000ec580000)
 ParOldGen       total 90624K, used 64262K [0x00000000a0000000, 0x00000000a5880000, 0x00000000e0000000)
  object space 90624K, 70% used [0x00000000a0000000,0x00000000a3ec19e8,0x00000000a5880000)
 Metaspace       used 74211K, capacity 77090K, committed 77272K, reserved 1116160K
  class space    used 9923K, capacity 10629K, committed 10752K, reserved 1048576K
}
Event: 131.461 GC heap before
{Heap before GC invocations=27 (full 4):
 PSYoungGen      total 168960K, used 168927K [0x00000000e0000000, 0x00000000ec580000, 0x0000000100000000)
  eden space 153088K, 100% used [0x00000000e0000000,0x00000000e9580000,0x00000000e9580000)
  from space 15872K, 99% used [0x00000000e9580000,0x00000000ea4f7f88,0x00000000ea500000)
  to   space 18432K, 0% used [0x00000000eb380000,0x00000000eb380000,0x00000000ec580000)
 ParOldGen       total 98304K, used 93426K [0x00000000a0000000, 0x00000000a6000000, 0x00000000e0000000)
  object space 98304K, 95% used [0x00000000a0000000,0x00000000a5b3ca18,0x00000000a6000000)
 Metaspace       used 81629K, capacity 85314K, committed 85592K, reserved 1122304K
  class space    used 10971K, capacity 11783K, committed 11904K, reserved 1048576K
Event: 131.960 GC heap after
Heap after GC invocations=27 (full 4):
 PSYoungGen      total 168960K, used 0K [0x00000000e0000000, 0x00000000ec580000, 0x0000000100000000)
  eden space 153088K, 0% used [0x00000000e0000000,0x00000000e0000000,0x00000000e9580000)
  from space 15872K, 0% used [0x00000000e9580000,0x00000000e9580000,0x00000000ea500000)
  to   space 18432K, 0% used [0x00000000eb380000,0x00000000eb380000,0x00000000ec580000)
 ParOldGen       total 141824K, used 64344K [0x00000000a0000000, 0x00000000a8a80000, 0x00000000e0000000)
  object space 141824K, 45% used [0x00000000a0000000,0x00000000a3ed6090,0x00000000a8a80000)
 Metaspace       used 81474K, capacity 84890K, committed 85592K, reserved 1122304K
  class space    used 10917K, capacity 11689K, committed 11904K, reserved 1048576K
}
Event: 912.121 GC heap before
{Heap before GC invocations=28 (full 4):
 PSYoungGen      total 168960K, used 153088K [0x00000000e0000000, 0x00000000ec580000, 0x0000000100000000)
  eden space 153088K, 100% used [0x00000000e0000000,0x00000000e9580000,0x00000000e9580000)
  from space 15872K, 0% used [0x00000000e9580000,0x00000000e9580000,0x00000000ea500000)
  to   space 18432K, 0% used [0x00000000eb380000,0x00000000eb380000,0x00000000ec580000)
 ParOldGen       total 141824K, used 64344K [0x00000000a0000000, 0x00000000a8a80000, 0x00000000e0000000)
  object space 141824K, 45% used [0x00000000a0000000,0x00000000a3ed6090,0x00000000a8a80000)
 Metaspace       used 85257K, capacity 89004K, committed 89304K, reserved 1126400K
  class space    used 11294K, capacity 12162K, committed 12288K, reserved 1048576K
Event: 912.324 GC heap after
Heap after GC invocations=28 (full 4):
 PSYoungGen      total 180736K, used 8560K [0x00000000e0000000, 0x00000000ec300000, 0x0000000100000000)
  eden space 164864K, 0% used [0x00000000e0000000,0x00000000e0000000,0x00000000ea100000)
  from space 15872K, 53% used [0x00000000eb380000,0x00000000ebbdc238,0x00000000ec300000)
  to   space 17408K, 0% used [0x00000000ea100000,0x00000000ea100000,0x00000000eb200000)
 ParOldGen       total 141824K, used 64352K [0x00000000a0000000, 0x00000000a8a80000, 0x00000000e0000000)
  object space 141824K, 45% used [0x00000000a0000000,0x00000000a3ed8090,0x00000000a8a80000)
 Metaspace       used 85257K, capacity 89004K, committed 89304K, reserved 1126400K
  class space    used 11294K, capacity 12162K, committed 12288K, reserved 1048576K
}

