# JRE version: OpenJDK Runtime Environment (8.0_152-b01) (build 1.8.0_152-release-915-b01)
# Java VM: OpenJDK 64-Bit Server VM (25.152-b01 mixed mode windows-amd64 compressed oops)
Heap:
 PSYoungGen      total 211456K, used 58833K [0x00000000e0000000, 0x00000000f2400000, 0x0000000100000000)
  eden space 165376K, 7% used [0x00000000e0000000,0x00000000e0c74eb8,0x00000000ea180000)
  from space 46080K, 99% used [0x00000000edc00000,0x00000000f08ff938,0x00000000f0900000)
  to   space 59904K, 0% used [0x00000000ea180000,0x00000000ea180000,0x00000000edc00000)
 ParOldGen       total 166400K, used 71463K [0x00000000a0000000, 0x00000000aa280000, 0x00000000e0000000)
  object space 166400K, 42% used [0x00000000a0000000,0x00000000a45c9c70,0x00000000aa280000)
 Metaspace       used 66261K, capacity 68172K, committed 68264K, reserved 1110016K
  class space    used 7549K, capacity 8036K, committed 8104K, reserved 1048576K
GC Heap History (10 events):
Event: 1140.342 GC heap before
{Heap before GC invocations=36 (full 6):
 PSYoungGen      total 206336K, used 182197K [0x00000000e0000000, 0x00000000ef500000, 0x0000000100000000)
  eden space 161792K, 100% used [0x00000000e0000000,0x00000000e9e00000,0x00000000e9e00000)
  from space 44544K, 45% used [0x00000000e9e00000,0x00000000eb1ed4f0,0x00000000ec980000)
  to   space 41984K, 0% used [0x00000000ecc00000,0x00000000ecc00000,0x00000000ef500000)
 ParOldGen       total 166400K, used 45067K [0x00000000a0000000, 0x00000000aa280000, 0x00000000e0000000)
  object space 166400K, 27% used [0x00000000a0000000,0x00000000a2c02da8,0x00000000aa280000)
 Metaspace       used 64471K, capacity 66216K, committed 66472K, reserved 1107968K
  class space    used 7352K, capacity 7774K, committed 7848K, reserved 1048576K
Event: 1140.390 GC heap after
Heap after GC invocations=36 (full 6):
 PSYoungGen      total 203776K, used 18764K [0x00000000e0000000, 0x00000000ef080000, 0x0000000100000000)
  eden space 166400K, 0% used [0x00000000e0000000,0x00000000e0000000,0x00000000ea280000)
  from space 37376K, 50% used [0x00000000ecc00000,0x00000000ede53218,0x00000000ef080000)
  to   space 39936K, 0% used [0x00000000ea280000,0x00000000ea280000,0x00000000ec980000)
 ParOldGen       total 166400K, used 45075K [0x00000000a0000000, 0x00000000aa280000, 0x00000000e0000000)
  object space 166400K, 27% used [0x00000000a0000000,0x00000000a2c04da8,0x00000000aa280000)
 Metaspace       used 64471K, capacity 66216K, committed 66472K, reserved 1107968K
  class space    used 7352K, capacity 7774K, committed 7848K, reserved 1048576K
}
Event: 1387.866 GC heap before
{Heap before GC invocations=37 (full 6):
 PSYoungGen      total 203776K, used 185164K [0x00000000e0000000, 0x00000000ef080000, 0x0000000100000000)
  eden space 166400K, 100% used [0x00000000e0000000,0x00000000ea280000,0x00000000ea280000)
  from space 37376K, 50% used [0x00000000ecc00000,0x00000000ede53218,0x00000000ef080000)
  to   space 39936K, 0% used [0x00000000ea280000,0x00000000ea280000,0x00000000ec980000)
 ParOldGen       total 166400K, used 45075K [0x00000000a0000000, 0x00000000aa280000, 0x00000000e0000000)
  object space 166400K, 27% used [0x00000000a0000000,0x00000000a2c04da8,0x00000000aa280000)
 Metaspace       used 64910K, capacity 66688K, committed 66728K, reserved 1107968K
  class space    used 7404K, capacity 7846K, committed 7848K, reserved 1048576K
Event: 1388.150 GC heap after
Heap after GC invocations=37 (full 6):
 PSYoungGen      total 206336K, used 26763K [0x00000000e0000000, 0x00000000ef580000, 0x0000000100000000)
  eden space 166400K, 0% used [0x00000000e0000000,0x00000000e0000000,0x00000000ea280000)
  from space 39936K, 67% used [0x00000000ea280000,0x00000000ebca2f20,0x00000000ec980000)
  to   space 40448K, 0% used [0x00000000ece00000,0x00000000ece00000,0x00000000ef580000)
 ParOldGen       total 166400K, used 45083K [0x00000000a0000000, 0x00000000aa280000, 0x00000000e0000000)
  object space 166400K, 27% used [0x00000000a0000000,0x00000000a2c06da8,0x00000000aa280000)
 Metaspace       used 64910K, capacity 66688K, committed 66728K, reserved 1107968K
  class space    used 7404K, capacity 7846K, committed 7848K, reserved 1048576K
}
Event: 2903.590 GC heap before
{Heap before GC invocations=38 (full 6):
 PSYoungGen      total 206336K, used 193163K [0x00000000e0000000, 0x00000000ef580000, 0x0000000100000000)
  eden space 166400K, 100% used [0x00000000e0000000,0x00000000ea280000,0x00000000ea280000)
  from space 39936K, 67% used [0x00000000ea280000,0x00000000ebca2f20,0x00000000ec980000)
  to   space 40448K, 0% used [0x00000000ece00000,0x00000000ece00000,0x00000000ef580000)
 ParOldGen       total 166400K, used 45083K [0x00000000a0000000, 0x00000000aa280000, 0x00000000e0000000)
  object space 166400K, 27% used [0x00000000a0000000,0x00000000a2c06da8,0x00000000aa280000)
 Metaspace       used 65587K, capacity 67500K, committed 67624K, reserved 1110016K
  class space    used 7476K, capacity 7964K, committed 7976K, reserved 1048576K
Event: 2903.773 GC heap after
Heap after GC invocations=38 (full 6):
 PSYoungGen      total 205824K, used 18428K [0x00000000e0000000, 0x00000000ef180000, 0x0000000100000000)
  eden space 169472K, 0% used [0x00000000e0000000,0x00000000e0000000,0x00000000ea580000)
  from space 36352K, 50% used [0x00000000ece00000,0x00000000edfff2a0,0x00000000ef180000)
  to   space 38912K, 0% used [0x00000000ea580000,0x00000000ea580000,0x00000000ecb80000)
 ParOldGen       total 166400K, used 45091K [0x00000000a0000000, 0x00000000aa280000, 0x00000000e0000000)
  object space 166400K, 27% used [0x00000000a0000000,0x00000000a2c08da8,0x00000000aa280000)
 Metaspace       used 65587K, capacity 67500K, committed 67624K, reserved 1110016K
  class space    used 7476K, capacity 7964K, committed 7976K, reserved 1048576K
}
Event: 2910.033 GC heap before
{Heap before GC invocations=39 (full 6):
 PSYoungGen      total 205824K, used 187900K [0x00000000e0000000, 0x00000000ef180000, 0x0000000100000000)
  eden space 169472K, 100% used [0x00000000e0000000,0x00000000ea580000,0x00000000ea580000)
  from space 36352K, 50% used [0x00000000ece00000,0x00000000edfff2a0,0x00000000ef180000)
  to   space 38912K, 0% used [0x00000000ea580000,0x00000000ea580000,0x00000000ecb80000)
 ParOldGen       total 166400K, used 45091K [0x00000000a0000000, 0x00000000aa280000, 0x00000000e0000000)
  object space 166400K, 27% used [0x00000000a0000000,0x00000000a2c08da8,0x00000000aa280000)
 Metaspace       used 65744K, capacity 67664K, committed 68008K, reserved 1110016K
  class space    used 7492K, capacity 7996K, committed 8104K, reserved 1048576K
Event: 2910.400 GC heap after
Heap after GC invocations=39 (full 6):
 PSYoungGen      total 208384K, used 38899K [0x00000000e0000000, 0x00000000f0900000, 0x0000000100000000)
  eden space 169472K, 0% used [0x00000000e0000000,0x00000000e0000000,0x00000000ea580000)
  from space 38912K, 99% used [0x00000000ea580000,0x00000000ecb7cc18,0x00000000ecb80000)
  to   space 46080K, 0% used [0x00000000edc00000,0x00000000edc00000,0x00000000f0900000)
 ParOldGen       total 166400K, used 51097K [0x00000000a0000000, 0x00000000aa280000, 0x00000000e0000000)
  object space 166400K, 30% used [0x00000000a0000000,0x00000000a31e67f8,0x00000000aa280000)
 Metaspace       used 65744K, capacity 67664K, committed 68008K, reserved 1110016K
  class space    used 7492K, capacity 7996K, committed 8104K, reserved 1048576K
}
Event: 2915.658 GC heap before
{Heap before GC invocations=40 (full 6):
 PSYoungGen      total 208384K, used 208371K [0x00000000e0000000, 0x00000000f0900000, 0x0000000100000000)
  eden space 169472K, 100% used [0x00000000e0000000,0x00000000ea580000,0x00000000ea580000)
  from space 38912K, 99% used [0x00000000ea580000,0x00000000ecb7cc18,0x00000000ecb80000)
  to   space 46080K, 0% used [0x00000000edc00000,0x00000000edc00000,0x00000000f0900000)
 ParOldGen       total 166400K, used 51097K [0x00000000a0000000, 0x00000000aa280000, 0x00000000e0000000)
  object space 166400K, 30% used [0x00000000a0000000,0x00000000a31e67f8,0x00000000aa280000)
 Metaspace       used 66210K, capacity 68172K, committed 68264K, reserved 1110016K
  class space    used 7540K, capacity 8036K, committed 8104K, reserved 1048576K
Event: 2915.826 GC heap after
Heap after GC invocations=40 (full 6):
 PSYoungGen      total 211456K, used 46078K [0x00000000e0000000, 0x00000000f2400000, 0x0000000100000000)
  eden space 165376K, 0% used [0x00000000e0000000,0x00000000e0000000,0x00000000ea180000)
  from space 46080K, 99% used [0x00000000edc00000,0x00000000f08ff938,0x00000000f0900000)
  to   space 59904K, 0% used [0x00000000ea180000,0x00000000ea180000,0x00000000edc00000)
 ParOldGen       total 166400K, used 71463K [0x00000000a0000000, 0x00000000aa280000, 0x00000000e0000000)
  object space 166400K, 42% used [0x00000000a0000000,0x00000000a45c9c70,0x00000000aa280000)
 Metaspace       used 66210K, capacity 68172K, committed 68264K, reserved 1110016K
  class space    used 7540K, capacity 8036K, committed 8104K, reserved 1048576K
}

