# JRE version: OpenJDK Runtime Environment (8.0_152-b01) (build 1.8.0_152-release-915-b01)
# Java VM: OpenJDK 64-Bit Server VM (25.152-b01 mixed mode windows-amd64 compressed oops)
Heap:
 PSYoungGen      total 126464K, used 48747K [0x00000000e0000000, 0x00000000e8b80000, 0x0000000100000000)
  eden space 111104K, 34% used [0x00000000e0000000,0x00000000e252ae48,0x00000000e6c80000)
  from space 15360K, 69% used [0x00000000e7c00000,0x00000000e86700f0,0x00000000e8b00000)
  to   space 15872K, 0% used [0x00000000e6c80000,0x00000000e6c80000,0x00000000e7c00000)
 ParOldGen       total 130560K, used 89883K [0x00000000a0000000, 0x00000000a7f80000, 0x00000000e0000000)
  object space 130560K, 68% used [0x00000000a0000000,0x00000000a57c6e78,0x00000000a7f80000)
 Metaspace       used 46303K, capacity 47098K, committed 47488K, reserved 1091584K
  class space    used 5707K, capacity 5889K, committed 6016K, reserved 1048576K
GC Heap History (10 events):
Event: 20.483 GC heap before
{Heap before GC invocations=17 (full 3):
 PSYoungGen      total 93184K, used 71791K [0x00000000e0000000, 0x00000000e8b00000, 0x0000000100000000)
  eden space 78336K, 90% used [0x00000000e0000000,0x00000000e4539c28,0x00000000e4c80000)
  from space 14848K, 6% used [0x00000000e4c80000,0x00000000e4d621b8,0x00000000e5b00000)
  to   space 15360K, 0% used [0x00000000e7c00000,0x00000000e7c00000,0x00000000e8b00000)
 ParOldGen       total 139264K, used 115956K [0x00000000a0000000, 0x00000000a8800000, 0x00000000e0000000)
  object space 139264K, 83% used [0x00000000a0000000,0x00000000a713d1b8,0x00000000a8800000)
 Metaspace       used 42225K, capacity 42956K, committed 43392K, reserved 1087488K
  class space    used 5298K, capacity 5456K, committed 5504K, reserved 1048576K
Event: 20.486 GC heap after
Heap after GC invocations=17 (full 3):
 PSYoungGen      total 126464K, used 207K [0x00000000e0000000, 0x00000000e8b80000, 0x0000000100000000)
  eden space 111104K, 0% used [0x00000000e0000000,0x00000000e0000000,0x00000000e6c80000)
  from space 15360K, 1% used [0x00000000e7c00000,0x00000000e7c33dc8,0x00000000e8b00000)
  to   space 15872K, 0% used [0x00000000e6c80000,0x00000000e6c80000,0x00000000e7c00000)
 ParOldGen       total 139264K, used 116140K [0x00000000a0000000, 0x00000000a8800000, 0x00000000e0000000)
  object space 139264K, 83% used [0x00000000a0000000,0x00000000a716b1b8,0x00000000a8800000)
 Metaspace       used 42225K, capacity 42956K, committed 43392K, reserved 1087488K
  class space    used 5298K, capacity 5456K, committed 5504K, reserved 1048576K
}
Event: 20.543 GC heap before
{Heap before GC invocations=18 (full 3):
 PSYoungGen      total 126464K, used 108884K [0x00000000e0000000, 0x00000000e8b80000, 0x0000000100000000)
  eden space 111104K, 97% used [0x00000000e0000000,0x00000000e6a213a0,0x00000000e6c80000)
  from space 15360K, 1% used [0x00000000e7c00000,0x00000000e7c33dc8,0x00000000e8b00000)
  to   space 15872K, 0% used [0x00000000e6c80000,0x00000000e6c80000,0x00000000e7c00000)
 ParOldGen       total 139264K, used 116140K [0x00000000a0000000, 0x00000000a8800000, 0x00000000e0000000)
  object space 139264K, 83% used [0x00000000a0000000,0x00000000a716b1b8,0x00000000a8800000)
 Metaspace       used 42338K, capacity 43134K, committed 43392K, reserved 1087488K
  class space    used 5317K, capacity 5493K, committed 5504K, reserved 1048576K
Event: 20.555 GC heap after
Heap after GC invocations=18 (full 3):
 PSYoungGen      total 126464K, used 108884K [0x00000000e0000000, 0x00000000e8b80000, 0x0000000100000000)
  eden space 111104K, 97% used [0x00000000e0000000,0x00000000e6a213a0,0x00000000e6c80000)
  from space 15360K, 1% used [0x00000000e7c00000,0x00000000e7c33dc8,0x00000000e8b00000)
  to   space 15872K, 66% used [0x00000000e6c80000,0x00000000e76bc3a8,0x00000000e7c00000)
 ParOldGen       total 139264K, used 116180K [0x00000000a0000000, 0x00000000a8800000, 0x00000000e0000000)
  object space 139264K, 83% used [0x00000000a0000000,0x00000000a71751b8,0x00000000a8800000)
 Metaspace       used 42338K, capacity 43134K, committed 43392K, reserved 1087488K
  class space    used 5317K, capacity 5493K, committed 5504K, reserved 1048576K
}
Event: 20.555 GC heap before
{Heap before GC invocations=19 (full 4):
 PSYoungGen      total 126464K, used 108884K [0x00000000e0000000, 0x00000000e8b80000, 0x0000000100000000)
  eden space 111104K, 97% used [0x00000000e0000000,0x00000000e6a213a0,0x00000000e6c80000)
  from space 15360K, 1% used [0x00000000e7c00000,0x00000000e7c33dc8,0x00000000e8b00000)
  to   space 15872K, 66% used [0x00000000e6c80000,0x00000000e76bc3a8,0x00000000e7c00000)
 ParOldGen       total 139264K, used 116180K [0x00000000a0000000, 0x00000000a8800000, 0x00000000e0000000)
  object space 139264K, 83% used [0x00000000a0000000,0x00000000a71751b8,0x00000000a8800000)
 Metaspace       used 42338K, capacity 43134K, committed 43392K, reserved 1087488K
  class space    used 5317K, capacity 5493K, committed 5504K, reserved 1048576K
Event: 20.735 GC heap after
Heap after GC invocations=19 (full 4):
 PSYoungGen      total 126464K, used 0K [0x00000000e0000000, 0x00000000e8b80000, 0x0000000100000000)
  eden space 111104K, 0% used [0x00000000e0000000,0x00000000e0000000,0x00000000e6c80000)
  from space 15360K, 0% used [0x00000000e7c00000,0x00000000e7c00000,0x00000000e8b00000)
  to   space 15872K, 0% used [0x00000000e6c80000,0x00000000e6c80000,0x00000000e7c00000)
 ParOldGen       total 130560K, used 85416K [0x00000000a0000000, 0x00000000a7f80000, 0x00000000e0000000)
  object space 130560K, 65% used [0x00000000a0000000,0x00000000a536a2c0,0x00000000a7f80000)
 Metaspace       used 42338K, capacity 43134K, committed 43392K, reserved 1087488K
  class space    used 5317K, capacity 5493K, committed 5504K, reserved 1048576K
}
Event: 20.903 GC heap before
{Heap before GC invocations=20 (full 4):
 PSYoungGen      total 126464K, used 73939K [0x00000000e0000000, 0x00000000e8b80000, 0x0000000100000000)
  eden space 111104K, 66% used [0x00000000e0000000,0x00000000e4834d30,0x00000000e6c80000)
  from space 15360K, 0% used [0x00000000e7c00000,0x00000000e7c00000,0x00000000e8b00000)
  to   space 15872K, 0% used [0x00000000e6c80000,0x00000000e6c80000,0x00000000e7c00000)
 ParOldGen       total 130560K, used 85416K [0x00000000a0000000, 0x00000000a7f80000, 0x00000000e0000000)
  object space 130560K, 65% used [0x00000000a0000000,0x00000000a536a2c0,0x00000000a7f80000)
 Metaspace       used 42582K, capacity 43386K, committed 43776K, reserved 1087488K
  class space    used 5348K, capacity 5505K, committed 5632K, reserved 1048576K
Event: 20.919 GC heap after
Heap after GC invocations=20 (full 4):
 PSYoungGen      total 126976K, used 14982K [0x00000000e0000000, 0x00000000e8b80000, 0x0000000100000000)
  eden space 111104K, 0% used [0x00000000e0000000,0x00000000e0000000,0x00000000e6c80000)
  from space 15872K, 94% used [0x00000000e6c80000,0x00000000e7b218f8,0x00000000e7c00000)
  to   space 15360K, 0% used [0x00000000e7c00000,0x00000000e7c00000,0x00000000e8b00000)
 ParOldGen       total 130560K, used 85424K [0x00000000a0000000, 0x00000000a7f80000, 0x00000000e0000000)
  object space 130560K, 65% used [0x00000000a0000000,0x00000000a536c2c0,0x00000000a7f80000)
 Metaspace       used 42582K, capacity 43386K, committed 43776K, reserved 1087488K
  class space    used 5348K, capacity 5505K, committed 5632K, reserved 1048576K
}
Event: 23.698 GC heap before
{Heap before GC invocations=21 (full 4):
 PSYoungGen      total 126976K, used 126086K [0x00000000e0000000, 0x00000000e8b80000, 0x0000000100000000)
  eden space 111104K, 100% used [0x00000000e0000000,0x00000000e6c80000,0x00000000e6c80000)
  from space 15872K, 94% used [0x00000000e6c80000,0x00000000e7b218f8,0x00000000e7c00000)
  to   space 15360K, 0% used [0x00000000e7c00000,0x00000000e7c00000,0x00000000e8b00000)
 ParOldGen       total 130560K, used 85424K [0x00000000a0000000, 0x00000000a7f80000, 0x00000000e0000000)
  object space 130560K, 65% used [0x00000000a0000000,0x00000000a536c2c0,0x00000000a7f80000)
 Metaspace       used 45516K, capacity 46292K, committed 46464K, reserved 1089536K
  class space    used 5594K, capacity 5754K, committed 5760K, reserved 1048576K
Event: 23.724 GC heap after
Heap after GC invocations=21 (full 4):
 PSYoungGen      total 126464K, used 10688K [0x00000000e0000000, 0x00000000e8b80000, 0x0000000100000000)
  eden space 111104K, 0% used [0x00000000e0000000,0x00000000e0000000,0x00000000e6c80000)
  from space 15360K, 69% used [0x00000000e7c00000,0x00000000e86700f0,0x00000000e8b00000)
  to   space 15872K, 0% used [0x00000000e6c80000,0x00000000e6c80000,0x00000000e7c00000)
 ParOldGen       total 130560K, used 89883K [0x00000000a0000000, 0x00000000a7f80000, 0x00000000e0000000)
  object space 130560K, 68% used [0x00000000a0000000,0x00000000a57c6e78,0x00000000a7f80000)
 Metaspace       used 45516K, capacity 46292K, committed 46464K, reserved 1089536K
  class space    used 5594K, capacity 5754K, committed 5760K, reserved 1048576K
}

